2019-11-14 12:42:40.585  WARN 19192 --- [HikariPool-1 housekeeper] com.zaxxer.hikari.pool.HikariPool        : HikariPool-1 - Thread starvation or clock leap detected (housekeeper delta=12h38m11s977ms442µs500ns).
2019-11-14 18:17:54.102  INFO 16216 --- [restartedMain] c.l.blog.siyuan.SiyuanApplication        : Starting SiyuanApplication on DESKTOP-6VMAT00 with PID 16216 (C:\Users\liujunmin\Desktop\siyuan\target\classes started by liujunmin in C:\Users\liujunmin\Desktop\siyuan)
2019-11-14 18:17:54.122 DEBUG 16216 --- [restartedMain] c.l.blog.siyuan.SiyuanApplication        : Running with Spring Boot v2.2.0.RELEASE, Spring v5.2.0.RELEASE
2019-11-14 18:17:54.122  INFO 16216 --- [restartedMain] c.l.blog.siyuan.SiyuanApplication        : The following profiles are active: dev
2019-11-14 18:17:54.212  INFO 16216 --- [restartedMain] o.s.b.devtools.restart.ChangeableUrls    : The Class-Path manifest attribute in C:\Users\liujunmin\.m2\repository\org\glassfish\jaxb\jaxb-runtime\2.3.2\jaxb-runtime-2.3.2.jar referenced one or more files that do not exist: file:/C:/Users/liujunmin/.m2/repository/org/glassfish/jaxb/jaxb-runtime/2.3.2/jakarta.xml.bind-api-2.3.2.jar,file:/C:/Users/liujunmin/.m2/repository/org/glassfish/jaxb/jaxb-runtime/2.3.2/txw2-2.3.2.jar,file:/C:/Users/liujunmin/.m2/repository/org/glassfish/jaxb/jaxb-runtime/2.3.2/istack-commons-runtime-3.0.8.jar,file:/C:/Users/liujunmin/.m2/repository/org/glassfish/jaxb/jaxb-runtime/2.3.2/stax-ex-1.8.1.jar,file:/C:/Users/liujunmin/.m2/repository/org/glassfish/jaxb/jaxb-runtime/2.3.2/FastInfoset-1.2.16.jar,file:/C:/Users/liujunmin/.m2/repository/org/glassfish/jaxb/jaxb-runtime/2.3.2/jakarta.activation-api-1.2.1.jar
2019-11-14 18:17:54.212  INFO 16216 --- [restartedMain] .e.DevToolsPropertyDefaultsPostProcessor : Devtools property defaults active! Set 'spring.devtools.add-properties' to 'false' to disable
2019-11-14 18:17:54.212  INFO 16216 --- [restartedMain] .e.DevToolsPropertyDefaultsPostProcessor : For additional web related logging consider setting the 'logging.level.web' property to 'DEBUG'
2019-11-14 18:17:55.222  INFO 16216 --- [restartedMain] .s.d.r.c.RepositoryConfigurationDelegate : Bootstrapping Spring Data repositories in DEFAULT mode.
2019-11-14 18:17:55.362  INFO 16216 --- [restartedMain] .s.d.r.c.RepositoryConfigurationDelegate : Finished Spring Data repository scanning in 125ms. Found 5 repository interfaces.
2019-11-14 18:17:55.802  INFO 16216 --- [restartedMain] trationDelegate$BeanPostProcessorChecker : Bean 'org.springframework.transaction.annotation.ProxyTransactionManagementConfiguration' of type [org.springframework.transaction.annotation.ProxyTransactionManagementConfiguration] is not eligible for getting processed by all BeanPostProcessors (for example: not eligible for auto-proxying)
2019-11-14 18:17:56.472  INFO 16216 --- [restartedMain] o.s.b.w.embedded.tomcat.TomcatWebServer  : Tomcat initialized with port(s): 8080 (http)
2019-11-14 18:17:56.492  INFO 16216 --- [restartedMain] o.apache.catalina.core.StandardService   : Starting service [Tomcat]
2019-11-14 18:17:56.492  INFO 16216 --- [restartedMain] org.apache.catalina.core.StandardEngine  : Starting Servlet engine: [Apache Tomcat/9.0.27]
2019-11-14 18:17:56.492  INFO 16216 --- [restartedMain] o.a.catalina.core.AprLifecycleListener   : Loaded APR based Apache Tomcat Native library [1.2.23] using APR version [1.7.0].
2019-11-14 18:17:56.492  INFO 16216 --- [restartedMain] o.a.catalina.core.AprLifecycleListener   : APR capabilities: IPv6 [true], sendfile [true], accept filters [false], random [true].
2019-11-14 18:17:56.492  INFO 16216 --- [restartedMain] o.a.catalina.core.AprLifecycleListener   : APR/OpenSSL configuration: useAprConnector [false], useOpenSSL [true]
2019-11-14 18:17:56.512  INFO 16216 --- [restartedMain] o.a.catalina.core.AprLifecycleListener   : OpenSSL successfully initialized [OpenSSL 1.1.1c  28 May 2019]
2019-11-14 18:17:56.672  INFO 16216 --- [restartedMain] o.a.c.c.C.[Tomcat].[localhost].[/]       : Initializing Spring embedded WebApplicationContext
2019-11-14 18:17:56.672  INFO 16216 --- [restartedMain] o.s.web.context.ContextLoader            : Root WebApplicationContext: initialization completed in 2460 ms
2019-11-14 18:17:57.032  INFO 16216 --- [restartedMain] o.hibernate.jpa.internal.util.LogHelper  : HHH000204: Processing PersistenceUnitInfo [name: default]
2019-11-14 18:17:57.132  INFO 16216 --- [restartedMain] org.hibernate.Version                    : HHH000412: Hibernate Core {5.4.6.Final}
2019-11-14 18:17:57.342  INFO 16216 --- [restartedMain] o.hibernate.annotations.common.Version   : HCANN000001: Hibernate Commons Annotations {5.1.0.Final}
2019-11-14 18:17:57.482  INFO 16216 --- [restartedMain] com.zaxxer.hikari.HikariDataSource       : HikariPool-1 - Starting...
2019-11-14 18:17:57.652  INFO 16216 --- [restartedMain] com.zaxxer.hikari.HikariDataSource       : HikariPool-1 - Start completed.
2019-11-14 18:17:57.672  INFO 16216 --- [restartedMain] org.hibernate.dialect.Dialect            : HHH000400: Using dialect: org.hibernate.dialect.MySQL57Dialect
2019-11-14 18:17:58.832  INFO 16216 --- [restartedMain] o.h.e.t.j.p.i.JtaPlatformInitiator       : HHH000490: Using JtaPlatform implementation: [org.hibernate.engine.transaction.jta.platform.internal.NoJtaPlatform]
2019-11-14 18:17:58.842  INFO 16216 --- [restartedMain] j.LocalContainerEntityManagerFactoryBean : Initialized JPA EntityManagerFactory for persistence unit 'default'
2019-11-14 18:17:58.922  INFO 16216 --- [restartedMain] o.s.b.d.a.OptionalLiveReloadServer       : LiveReload server is running on port 35729
2019-11-14 18:17:59.582 ERROR 16216 --- [restartedMain] o.h.hql.internal.ast.ErrorTracker        : line 1:168: unexpected token: desc
2019-11-14 18:17:59.582 ERROR 16216 --- [restartedMain] o.h.hql.internal.ast.ErrorTracker        : line 1:168: unexpected token: desc

antlr.NoViableAltException: unexpected token: desc
	at org.hibernate.hql.internal.antlr.HqlBaseParser.negatedExpression(HqlBaseParser.java:2534)
	at org.hibernate.hql.internal.antlr.HqlBaseParser.logicalAndExpression(HqlBaseParser.java:2438)
	at org.hibernate.hql.internal.antlr.HqlBaseParser.logicalOrExpression(HqlBaseParser.java:2403)
	at org.hibernate.hql.internal.antlr.HqlBaseParser.expression(HqlBaseParser.java:2116)
	at org.hibernate.hql.internal.antlr.HqlBaseParser.orderElement(HqlBaseParser.java:2156)
	at org.hibernate.hql.internal.antlr.HqlBaseParser.orderByClause(HqlBaseParser.java:1179)
	at org.hibernate.hql.internal.antlr.HqlBaseParser.queryRule(HqlBaseParser.java:795)
	at org.hibernate.hql.internal.antlr.HqlBaseParser.selectStatement(HqlBaseParser.java:319)
	at org.hibernate.hql.internal.antlr.HqlBaseParser.statement(HqlBaseParser.java:198)
	at org.hibernate.hql.internal.ast.QueryTranslatorImpl.parse(QueryTranslatorImpl.java:290)
	at org.hibernate.hql.internal.ast.QueryTranslatorImpl.doCompile(QueryTranslatorImpl.java:189)
	at org.hibernate.hql.internal.ast.QueryTranslatorImpl.compile(QueryTranslatorImpl.java:144)
	at org.hibernate.engine.query.spi.HQLQueryPlan.<init>(HQLQueryPlan.java:113)
	at org.hibernate.engine.query.spi.HQLQueryPlan.<init>(HQLQueryPlan.java:73)
	at org.hibernate.engine.query.spi.QueryPlanCache.getHQLQueryPlan(QueryPlanCache.java:155)
	at org.hibernate.internal.AbstractSharedSessionContract.getQueryPlan(AbstractSharedSessionContract.java:600)
	at org.hibernate.internal.AbstractSharedSessionContract.createQuery(AbstractSharedSessionContract.java:709)
	at org.hibernate.internal.AbstractSessionImpl.createQuery(AbstractSessionImpl.java:23)
	at sun.reflect.NativeMethodAccessorImpl.invoke0(Native Method)
	at sun.reflect.NativeMethodAccessorImpl.invoke(NativeMethodAccessorImpl.java:62)
	at sun.reflect.DelegatingMethodAccessorImpl.invoke(DelegatingMethodAccessorImpl.java:43)
	at java.lang.reflect.Method.invoke(Method.java:498)
	at org.springframework.orm.jpa.ExtendedEntityManagerCreator$ExtendedEntityManagerInvocationHandler.invoke(ExtendedEntityManagerCreator.java:368)
	at com.sun.proxy.$Proxy108.createQuery(Unknown Source)
	at org.springframework.data.jpa.repository.query.SimpleJpaQuery.validateQuery(SimpleJpaQuery.java:87)
	at org.springframework.data.jpa.repository.query.SimpleJpaQuery.<init>(SimpleJpaQuery.java:63)
	at org.springframework.data.jpa.repository.query.JpaQueryFactory.fromMethodWithQueryString(JpaQueryFactory.java:76)
	at org.springframework.data.jpa.repository.query.JpaQueryFactory.fromQueryAnnotation(JpaQueryFactory.java:56)
	at org.springframework.data.jpa.repository.query.JpaQueryLookupStrategy$DeclaredQueryLookupStrategy.resolveQuery(JpaQueryLookupStrategy.java:142)
	at org.springframework.data.jpa.repository.query.JpaQueryLookupStrategy$CreateIfNotFoundQueryLookupStrategy.resolveQuery(JpaQueryLookupStrategy.java:209)
	at org.springframework.data.jpa.repository.query.JpaQueryLookupStrategy$AbstractQueryLookupStrategy.resolveQuery(JpaQueryLookupStrategy.java:79)
	at org.springframework.data.repository.core.support.RepositoryFactorySupport$QueryExecutorMethodInterceptor.lookupQuery(RepositoryFactorySupport.java:574)
	at org.springframework.data.repository.core.support.RepositoryFactorySupport$QueryExecutorMethodInterceptor.lambda$mapMethodsToQuery$1(RepositoryFactorySupport.java:567)
	at java.util.stream.ReferencePipeline$3$1.accept(ReferencePipeline.java:193)
	at java.util.Iterator.forEachRemaining(Iterator.java:116)
	at java.util.Collections$UnmodifiableCollection$1.forEachRemaining(Collections.java:1049)
	at java.util.Spliterators$IteratorSpliterator.forEachRemaining(Spliterators.java:1801)
	at java.util.stream.AbstractPipeline.copyInto(AbstractPipeline.java:481)
	at java.util.stream.AbstractPipeline.wrapAndCopyInto(AbstractPipeline.java:471)
	at java.util.stream.ReduceOps$ReduceOp.evaluateSequential(ReduceOps.java:708)
	at java.util.stream.AbstractPipeline.evaluate(AbstractPipeline.java:234)
	at java.util.stream.ReferencePipeline.collect(ReferencePipeline.java:499)
	at org.springframework.data.repository.core.support.RepositoryFactorySupport$QueryExecutorMethodInterceptor.mapMethodsToQuery(RepositoryFactorySupport.java:569)
	at org.springframework.data.repository.core.support.RepositoryFactorySupport$QueryExecutorMethodInterceptor.lambda$new$0(RepositoryFactorySupport.java:559)
	at java.util.Optional.map(Optional.java:215)
	at org.springframework.data.repository.core.support.RepositoryFactorySupport$QueryExecutorMethodInterceptor.<init>(RepositoryFactorySupport.java:559)
	at org.springframework.data.repository.core.support.RepositoryFactorySupport.getRepository(RepositoryFactorySupport.java:332)
	at org.springframework.data.repository.core.support.RepositoryFactoryBeanSupport.lambda$afterPropertiesSet$5(RepositoryFactoryBeanSupport.java:297)
	at org.springframework.data.util.Lazy.getNullable(Lazy.java:212)
	at org.springframework.data.util.Lazy.get(Lazy.java:94)
	at org.springframework.data.repository.core.support.RepositoryFactoryBeanSupport.afterPropertiesSet(RepositoryFactoryBeanSupport.java:300)
	at org.springframework.data.jpa.repository.support.JpaRepositoryFactoryBean.afterPropertiesSet(JpaRepositoryFactoryBean.java:121)
	at org.springframework.beans.factory.support.AbstractAutowireCapableBeanFactory.invokeInitMethods(AbstractAutowireCapableBeanFactory.java:1862)
	at org.springframework.beans.factory.support.AbstractAutowireCapableBeanFactory.initializeBean(AbstractAutowireCapableBeanFactory.java:1799)
	at org.springframework.beans.factory.support.AbstractAutowireCapableBeanFactory.doCreateBean(AbstractAutowireCapableBeanFactory.java:595)
	at org.springframework.beans.factory.support.AbstractAutowireCapableBeanFactory.createBean(AbstractAutowireCapableBeanFactory.java:517)
	at org.springframework.beans.factory.support.AbstractBeanFactory.lambda$doGetBean$0(AbstractBeanFactory.java:323)
	at org.springframework.beans.factory.support.DefaultSingletonBeanRegistry.getSingleton(DefaultSingletonBeanRegistry.java:222)
	at org.springframework.beans.factory.support.AbstractBeanFactory.doGetBean(AbstractBeanFactory.java:321)
	at org.springframework.beans.factory.support.AbstractBeanFactory.getBean(AbstractBeanFactory.java:207)
	at org.springframework.beans.factory.support.AbstractAutowireCapableBeanFactory.resolveBeanByName(AbstractAutowireCapableBeanFactory.java:454)
	at org.springframework.context.annotation.CommonAnnotationBeanPostProcessor.autowireResource(CommonAnnotationBeanPostProcessor.java:543)
	at org.springframework.context.annotation.CommonAnnotationBeanPostProcessor.getResource(CommonAnnotationBeanPostProcessor.java:513)
	at org.springframework.context.annotation.CommonAnnotationBeanPostProcessor$ResourceElement.getResourceToInject(CommonAnnotationBeanPostProcessor.java:653)
	at org.springframework.beans.factory.annotation.InjectionMetadata$InjectedElement.inject(InjectionMetadata.java:224)
	at org.springframework.beans.factory.annotation.InjectionMetadata.inject(InjectionMetadata.java:116)
	at org.springframework.context.annotation.CommonAnnotationBeanPostProcessor.postProcessProperties(CommonAnnotationBeanPostProcessor.java:334)
	at org.springframework.beans.factory.support.AbstractAutowireCapableBeanFactory.populateBean(AbstractAutowireCapableBeanFactory.java:1429)
	at org.springframework.beans.factory.support.AbstractAutowireCapableBeanFactory.doCreateBean(AbstractAutowireCapableBeanFactory.java:594)
	at org.springframework.beans.factory.support.AbstractAutowireCapableBeanFactory.createBean(AbstractAutowireCapableBeanFactory.java:517)
	at org.springframework.beans.factory.support.AbstractBeanFactory.lambda$doGetBean$0(AbstractBeanFactory.java:323)
	at org.springframework.beans.factory.support.DefaultSingletonBeanRegistry.getSingleton(DefaultSingletonBeanRegistry.java:222)
	at org.springframework.beans.factory.support.AbstractBeanFactory.doGetBean(AbstractBeanFactory.java:321)
	at org.springframework.beans.factory.support.AbstractBeanFactory.getBean(AbstractBeanFactory.java:202)
	at org.springframework.beans.factory.config.DependencyDescriptor.resolveCandidate(DependencyDescriptor.java:276)
	at org.springframework.beans.factory.support.DefaultListableBeanFactory.doResolveDependency(DefaultListableBeanFactory.java:1287)
	at org.springframework.beans.factory.support.DefaultListableBeanFactory.resolveDependency(DefaultListableBeanFactory.java:1207)
	at org.springframework.context.annotation.CommonAnnotationBeanPostProcessor.autowireResource(CommonAnnotationBeanPostProcessor.java:537)
	at org.springframework.context.annotation.CommonAnnotationBeanPostProcessor.getResource(CommonAnnotationBeanPostProcessor.java:513)
	at org.springframework.context.annotation.CommonAnnotationBeanPostProcessor$ResourceElement.getResourceToInject(CommonAnnotationBeanPostProcessor.java:653)
	at org.springframework.beans.factory.annotation.InjectionMetadata$InjectedElement.inject(InjectionMetadata.java:224)
	at org.springframework.beans.factory.annotation.InjectionMetadata.inject(InjectionMetadata.java:116)
	at org.springframework.context.annotation.CommonAnnotationBeanPostProcessor.postProcessProperties(CommonAnnotationBeanPostProcessor.java:334)
	at org.springframework.beans.factory.support.AbstractAutowireCapableBeanFactory.populateBean(AbstractAutowireCapableBeanFactory.java:1429)
	at org.springframework.beans.factory.support.AbstractAutowireCapableBeanFactory.doCreateBean(AbstractAutowireCapableBeanFactory.java:594)
	at org.springframework.beans.factory.support.AbstractAutowireCapableBeanFactory.createBean(AbstractAutowireCapableBeanFactory.java:517)
	at org.springframework.beans.factory.support.AbstractBeanFactory.lambda$doGetBean$0(AbstractBeanFactory.java:323)
	at org.springframework.beans.factory.support.DefaultSingletonBeanRegistry.getSingleton(DefaultSingletonBeanRegistry.java:222)
	at org.springframework.beans.factory.support.AbstractBeanFactory.doGetBean(AbstractBeanFactory.java:321)
	at org.springframework.beans.factory.support.AbstractBeanFactory.getBean(AbstractBeanFactory.java:202)
	at org.springframework.beans.factory.support.DefaultListableBeanFactory.preInstantiateSingletons(DefaultListableBeanFactory.java:879)
	at org.springframework.context.support.AbstractApplicationContext.finishBeanFactoryInitialization(AbstractApplicationContext.java:878)
	at org.springframework.context.support.AbstractApplicationContext.refresh(AbstractApplicationContext.java:550)
	at org.springframework.boot.web.servlet.context.ServletWebServerApplicationContext.refresh(ServletWebServerApplicationContext.java:141)
	at org.springframework.boot.SpringApplication.refresh(SpringApplication.java:747)
	at org.springframework.boot.SpringApplication.refreshContext(SpringApplication.java:397)
	at org.springframework.boot.SpringApplication.run(SpringApplication.java:315)
	at org.springframework.boot.SpringApplication.run(SpringApplication.java:1226)
	at org.springframework.boot.SpringApplication.run(SpringApplication.java:1215)
	at club.liujunmin.blog.siyuan.SiyuanApplication.main(SiyuanApplication.java:10)
	at sun.reflect.NativeMethodAccessorImpl.invoke0(Native Method)
	at sun.reflect.NativeMethodAccessorImpl.invoke(NativeMethodAccessorImpl.java:62)
	at sun.reflect.DelegatingMethodAccessorImpl.invoke(DelegatingMethodAccessorImpl.java:43)
	at java.lang.reflect.Method.invoke(Method.java:498)
	at org.springframework.boot.devtools.restart.RestartLauncher.run(RestartLauncher.java:49)

2019-11-14 18:17:59.592  WARN 16216 --- [restartedMain] ConfigServletWebServerApplicationContext : Exception encountered during context initialization - cancelling refresh attempt: org.springframework.beans.factory.BeanCreationException: Error creating bean with name 'archiveShowController': Injection of resource dependencies failed; nested exception is org.springframework.beans.factory.BeanCreationException: Error creating bean with name 'blogServiceImpl': Injection of resource dependencies failed; nested exception is org.springframework.beans.factory.BeanCreationException: Error creating bean with name 'blogRepository': Invocation of init method failed; nested exception is java.lang.IllegalArgumentException: Validation failed for query for method public abstract java.util.List club.liujunmin.blog.siyuan.dao.BlogRepository.findGroupYear()!
2019-11-14 18:17:59.592  INFO 16216 --- [restartedMain] j.LocalContainerEntityManagerFactoryBean : Closing JPA EntityManagerFactory for persistence unit 'default'
2019-11-14 18:17:59.602  INFO 16216 --- [restartedMain] com.zaxxer.hikari.HikariDataSource       : HikariPool-1 - Shutdown initiated...
2019-11-14 18:17:59.602  INFO 16216 --- [restartedMain] com.zaxxer.hikari.HikariDataSource       : HikariPool-1 - Shutdown completed.
2019-11-14 18:17:59.612  INFO 16216 --- [restartedMain] o.apache.catalina.core.StandardService   : Stopping service [Tomcat]
2019-11-14 18:17:59.622  INFO 16216 --- [restartedMain] ConditionEvaluationReportLoggingListener : 

Error starting ApplicationContext. To display the conditions report re-run your application with 'debug' enabled.
2019-11-14 18:17:59.632 ERROR 16216 --- [restartedMain] o.s.boot.SpringApplication               : Application run failed

org.springframework.beans.factory.BeanCreationException: Error creating bean with name 'archiveShowController': Injection of resource dependencies failed; nested exception is org.springframework.beans.factory.BeanCreationException: Error creating bean with name 'blogServiceImpl': Injection of resource dependencies failed; nested exception is org.springframework.beans.factory.BeanCreationException: Error creating bean with name 'blogRepository': Invocation of init method failed; nested exception is java.lang.IllegalArgumentException: Validation failed for query for method public abstract java.util.List club.liujunmin.blog.siyuan.dao.BlogRepository.findGroupYear()!
	at org.springframework.context.annotation.CommonAnnotationBeanPostProcessor.postProcessProperties(CommonAnnotationBeanPostProcessor.java:337)
	at org.springframework.beans.factory.support.AbstractAutowireCapableBeanFactory.populateBean(AbstractAutowireCapableBeanFactory.java:1429)
	at org.springframework.beans.factory.support.AbstractAutowireCapableBeanFactory.doCreateBean(AbstractAutowireCapableBeanFactory.java:594)
	at org.springframework.beans.factory.support.AbstractAutowireCapableBeanFactory.createBean(AbstractAutowireCapableBeanFactory.java:517)
	at org.springframework.beans.factory.support.AbstractBeanFactory.lambda$doGetBean$0(AbstractBeanFactory.java:323)
	at org.springframework.beans.factory.support.DefaultSingletonBeanRegistry.getSingleton(DefaultSingletonBeanRegistry.java:222)
	at org.springframework.beans.factory.support.AbstractBeanFactory.doGetBean(AbstractBeanFactory.java:321)
	at org.springframework.beans.factory.support.AbstractBeanFactory.getBean(AbstractBeanFactory.java:202)
	at org.springframework.beans.factory.support.DefaultListableBeanFactory.preInstantiateSingletons(DefaultListableBeanFactory.java:879)
	at org.springframework.context.support.AbstractApplicationContext.finishBeanFactoryInitialization(AbstractApplicationContext.java:878)
	at org.springframework.context.support.AbstractApplicationContext.refresh(AbstractApplicationContext.java:550)
	at org.springframework.boot.web.servlet.context.ServletWebServerApplicationContext.refresh(ServletWebServerApplicationContext.java:141)
	at org.springframework.boot.SpringApplication.refresh(SpringApplication.java:747)
	at org.springframework.boot.SpringApplication.refreshContext(SpringApplication.java:397)
	at org.springframework.boot.SpringApplication.run(SpringApplication.java:315)
	at org.springframework.boot.SpringApplication.run(SpringApplication.java:1226)
	at org.springframework.boot.SpringApplication.run(SpringApplication.java:1215)
	at club.liujunmin.blog.siyuan.SiyuanApplication.main(SiyuanApplication.java:10)
	at sun.reflect.NativeMethodAccessorImpl.invoke0(Native Method)
	at sun.reflect.NativeMethodAccessorImpl.invoke(NativeMethodAccessorImpl.java:62)
	at sun.reflect.DelegatingMethodAccessorImpl.invoke(DelegatingMethodAccessorImpl.java:43)
	at java.lang.reflect.Method.invoke(Method.java:498)
	at org.springframework.boot.devtools.restart.RestartLauncher.run(RestartLauncher.java:49)
Caused by: org.springframework.beans.factory.BeanCreationException: Error creating bean with name 'blogServiceImpl': Injection of resource dependencies failed; nested exception is org.springframework.beans.factory.BeanCreationException: Error creating bean with name 'blogRepository': Invocation of init method failed; nested exception is java.lang.IllegalArgumentException: Validation failed for query for method public abstract java.util.List club.liujunmin.blog.siyuan.dao.BlogRepository.findGroupYear()!
	at org.springframework.context.annotation.CommonAnnotationBeanPostProcessor.postProcessProperties(CommonAnnotationBeanPostProcessor.java:337)
	at org.springframework.beans.factory.support.AbstractAutowireCapableBeanFactory.populateBean(AbstractAutowireCapableBeanFactory.java:1429)
	at org.springframework.beans.factory.support.AbstractAutowireCapableBeanFactory.doCreateBean(AbstractAutowireCapableBeanFactory.java:594)
	at org.springframework.beans.factory.support.AbstractAutowireCapableBeanFactory.createBean(AbstractAutowireCapableBeanFactory.java:517)
	at org.springframework.beans.factory.support.AbstractBeanFactory.lambda$doGetBean$0(AbstractBeanFactory.java:323)
	at org.springframework.beans.factory.support.DefaultSingletonBeanRegistry.getSingleton(DefaultSingletonBeanRegistry.java:222)
	at org.springframework.beans.factory.support.AbstractBeanFactory.doGetBean(AbstractBeanFactory.java:321)
	at org.springframework.beans.factory.support.AbstractBeanFactory.getBean(AbstractBeanFactory.java:202)
	at org.springframework.beans.factory.config.DependencyDescriptor.resolveCandidate(DependencyDescriptor.java:276)
	at org.springframework.beans.factory.support.DefaultListableBeanFactory.doResolveDependency(DefaultListableBeanFactory.java:1287)
	at org.springframework.beans.factory.support.DefaultListableBeanFactory.resolveDependency(DefaultListableBeanFactory.java:1207)
	at org.springframework.context.annotation.CommonAnnotationBeanPostProcessor.autowireResource(CommonAnnotationBeanPostProcessor.java:537)
	at org.springframework.context.annotation.CommonAnnotationBeanPostProcessor.getResource(CommonAnnotationBeanPostProcessor.java:513)
	at org.springframework.context.annotation.CommonAnnotationBeanPostProcessor$ResourceElement.getResourceToInject(CommonAnnotationBeanPostProcessor.java:653)
	at org.springframework.beans.factory.annotation.InjectionMetadata$InjectedElement.inject(InjectionMetadata.java:224)
	at org.springframework.beans.factory.annotation.InjectionMetadata.inject(InjectionMetadata.java:116)
	at org.springframework.context.annotation.CommonAnnotationBeanPostProcessor.postProcessProperties(CommonAnnotationBeanPostProcessor.java:334)
	... 22 common frames omitted
Caused by: org.springframework.beans.factory.BeanCreationException: Error creating bean with name 'blogRepository': Invocation of init method failed; nested exception is java.lang.IllegalArgumentException: Validation failed for query for method public abstract java.util.List club.liujunmin.blog.siyuan.dao.BlogRepository.findGroupYear()!
	at org.springframework.beans.factory.support.AbstractAutowireCapableBeanFactory.initializeBean(AbstractAutowireCapableBeanFactory.java:1803)
	at org.springframework.beans.factory.support.AbstractAutowireCapableBeanFactory.doCreateBean(AbstractAutowireCapableBeanFactory.java:595)
	at org.springframework.beans.factory.support.AbstractAutowireCapableBeanFactory.createBean(AbstractAutowireCapableBeanFactory.java:517)
	at org.springframework.beans.factory.support.AbstractBeanFactory.lambda$doGetBean$0(AbstractBeanFactory.java:323)
	at org.springframework.beans.factory.support.DefaultSingletonBeanRegistry.getSingleton(DefaultSingletonBeanRegistry.java:222)
	at org.springframework.beans.factory.support.AbstractBeanFactory.doGetBean(AbstractBeanFactory.java:321)
	at org.springframework.beans.factory.support.AbstractBeanFactory.getBean(AbstractBeanFactory.java:207)
	at org.springframework.beans.factory.support.AbstractAutowireCapableBeanFactory.resolveBeanByName(AbstractAutowireCapableBeanFactory.java:454)
	at org.springframework.context.annotation.CommonAnnotationBeanPostProcessor.autowireResource(CommonAnnotationBeanPostProcessor.java:543)
	at org.springframework.context.annotation.CommonAnnotationBeanPostProcessor.getResource(CommonAnnotationBeanPostProcessor.java:513)
	at org.springframework.context.annotation.CommonAnnotationBeanPostProcessor$ResourceElement.getResourceToInject(CommonAnnotationBeanPostProcessor.java:653)
	at org.springframework.beans.factory.annotation.InjectionMetadata$InjectedElement.inject(InjectionMetadata.java:224)
	at org.springframework.beans.factory.annotation.InjectionMetadata.inject(InjectionMetadata.java:116)
	at org.springframework.context.annotation.CommonAnnotationBeanPostProcessor.postProcessProperties(CommonAnnotationBeanPostProcessor.java:334)
	... 38 common frames omitted
Caused by: java.lang.IllegalArgumentException: Validation failed for query for method public abstract java.util.List club.liujunmin.blog.siyuan.dao.BlogRepository.findGroupYear()!
	at org.springframework.data.jpa.repository.query.SimpleJpaQuery.validateQuery(SimpleJpaQuery.java:93)
	at org.springframework.data.jpa.repository.query.SimpleJpaQuery.<init>(SimpleJpaQuery.java:63)
	at org.springframework.data.jpa.repository.query.JpaQueryFactory.fromMethodWithQueryString(JpaQueryFactory.java:76)
	at org.springframework.data.jpa.repository.query.JpaQueryFactory.fromQueryAnnotation(JpaQueryFactory.java:56)
	at org.springframework.data.jpa.repository.query.JpaQueryLookupStrategy$DeclaredQueryLookupStrategy.resolveQuery(JpaQueryLookupStrategy.java:142)
	at org.springframework.data.jpa.repository.query.JpaQueryLookupStrategy$CreateIfNotFoundQueryLookupStrategy.resolveQuery(JpaQueryLookupStrategy.java:209)
	at org.springframework.data.jpa.repository.query.JpaQueryLookupStrategy$AbstractQueryLookupStrategy.resolveQuery(JpaQueryLookupStrategy.java:79)
	at org.springframework.data.repository.core.support.RepositoryFactorySupport$QueryExecutorMethodInterceptor.lookupQuery(RepositoryFactorySupport.java:574)
	at org.springframework.data.repository.core.support.RepositoryFactorySupport$QueryExecutorMethodInterceptor.lambda$mapMethodsToQuery$1(RepositoryFactorySupport.java:567)
	at java.util.stream.ReferencePipeline$3$1.accept(ReferencePipeline.java:193)
	at java.util.Iterator.forEachRemaining(Iterator.java:116)
	at java.util.Collections$UnmodifiableCollection$1.forEachRemaining(Collections.java:1049)
	at java.util.Spliterators$IteratorSpliterator.forEachRemaining(Spliterators.java:1801)
	at java.util.stream.AbstractPipeline.copyInto(AbstractPipeline.java:481)
	at java.util.stream.AbstractPipeline.wrapAndCopyInto(AbstractPipeline.java:471)
	at java.util.stream.ReduceOps$ReduceOp.evaluateSequential(ReduceOps.java:708)
	at java.util.stream.AbstractPipeline.evaluate(AbstractPipeline.java:234)
	at java.util.stream.ReferencePipeline.collect(ReferencePipeline.java:499)
	at org.springframework.data.repository.core.support.RepositoryFactorySupport$QueryExecutorMethodInterceptor.mapMethodsToQuery(RepositoryFactorySupport.java:569)
	at org.springframework.data.repository.core.support.RepositoryFactorySupport$QueryExecutorMethodInterceptor.lambda$new$0(RepositoryFactorySupport.java:559)
	at java.util.Optional.map(Optional.java:215)
	at org.springframework.data.repository.core.support.RepositoryFactorySupport$QueryExecutorMethodInterceptor.<init>(RepositoryFactorySupport.java:559)
	at org.springframework.data.repository.core.support.RepositoryFactorySupport.getRepository(RepositoryFactorySupport.java:332)
	at org.springframework.data.repository.core.support.RepositoryFactoryBeanSupport.lambda$afterPropertiesSet$5(RepositoryFactoryBeanSupport.java:297)
	at org.springframework.data.util.Lazy.getNullable(Lazy.java:212)
	at org.springframework.data.util.Lazy.get(Lazy.java:94)
	at org.springframework.data.repository.core.support.RepositoryFactoryBeanSupport.afterPropertiesSet(RepositoryFactoryBeanSupport.java:300)
	at org.springframework.data.jpa.repository.support.JpaRepositoryFactoryBean.afterPropertiesSet(JpaRepositoryFactoryBean.java:121)
	at org.springframework.beans.factory.support.AbstractAutowireCapableBeanFactory.invokeInitMethods(AbstractAutowireCapableBeanFactory.java:1862)
	at org.springframework.beans.factory.support.AbstractAutowireCapableBeanFactory.initializeBean(AbstractAutowireCapableBeanFactory.java:1799)
	... 51 common frames omitted
Caused by: java.lang.IllegalArgumentException: org.hibernate.hql.internal.ast.QuerySyntaxException: unexpected token: desc near line 1, column 168 [select function('date_format', b.updateTime, '%Y') as year from club.liujunmin.blog.siyuan.entity.Blog b group by function('date_format', b.updateTime, '%Y') order by desc]
	at org.hibernate.internal.ExceptionConverterImpl.convert(ExceptionConverterImpl.java:138)
	at org.hibernate.internal.ExceptionConverterImpl.convert(ExceptionConverterImpl.java:181)
	at org.hibernate.internal.ExceptionConverterImpl.convert(ExceptionConverterImpl.java:188)
	at org.hibernate.internal.AbstractSharedSessionContract.createQuery(AbstractSharedSessionContract.java:718)
	at org.hibernate.internal.AbstractSessionImpl.createQuery(AbstractSessionImpl.java:23)
	at sun.reflect.NativeMethodAccessorImpl.invoke0(Native Method)
	at sun.reflect.NativeMethodAccessorImpl.invoke(NativeMethodAccessorImpl.java:62)
	at sun.reflect.DelegatingMethodAccessorImpl.invoke(DelegatingMethodAccessorImpl.java:43)
	at java.lang.reflect.Method.invoke(Method.java:498)
	at org.springframework.orm.jpa.ExtendedEntityManagerCreator$ExtendedEntityManagerInvocationHandler.invoke(ExtendedEntityManagerCreator.java:368)
	at com.sun.proxy.$Proxy108.createQuery(Unknown Source)
	at org.springframework.data.jpa.repository.query.SimpleJpaQuery.validateQuery(SimpleJpaQuery.java:87)
	... 80 common frames omitted
Caused by: org.hibernate.hql.internal.ast.QuerySyntaxException: unexpected token: desc near line 1, column 168 [select function('date_format', b.updateTime, '%Y') as year from club.liujunmin.blog.siyuan.entity.Blog b group by function('date_format', b.updateTime, '%Y') order by desc]
	at org.hibernate.hql.internal.ast.QuerySyntaxException.convert(QuerySyntaxException.java:74)
	at org.hibernate.hql.internal.ast.ErrorTracker.throwQueryException(ErrorTracker.java:93)
	at org.hibernate.hql.internal.ast.QueryTranslatorImpl.parse(QueryTranslatorImpl.java:297)
	at org.hibernate.hql.internal.ast.QueryTranslatorImpl.doCompile(QueryTranslatorImpl.java:189)
	at org.hibernate.hql.internal.ast.QueryTranslatorImpl.compile(QueryTranslatorImpl.java:144)
	at org.hibernate.engine.query.spi.HQLQueryPlan.<init>(HQLQueryPlan.java:113)
	at org.hibernate.engine.query.spi.HQLQueryPlan.<init>(HQLQueryPlan.java:73)
	at org.hibernate.engine.query.spi.QueryPlanCache.getHQLQueryPlan(QueryPlanCache.java:155)
	at org.hibernate.internal.AbstractSharedSessionContract.getQueryPlan(AbstractSharedSessionContract.java:600)
	at org.hibernate.internal.AbstractSharedSessionContract.createQuery(AbstractSharedSessionContract.java:709)
	... 88 common frames omitted

2019-11-14 18:22:01.774  INFO 25344 --- [restartedMain] c.l.blog.siyuan.SiyuanApplication        : Starting SiyuanApplication on DESKTOP-6VMAT00 with PID 25344 (C:\Users\liujunmin\Desktop\siyuan\target\classes started by liujunmin in C:\Users\liujunmin\Desktop\siyuan)
2019-11-14 18:22:01.784 DEBUG 25344 --- [restartedMain] c.l.blog.siyuan.SiyuanApplication        : Running with Spring Boot v2.2.0.RELEASE, Spring v5.2.0.RELEASE
2019-11-14 18:22:01.784  INFO 25344 --- [restartedMain] c.l.blog.siyuan.SiyuanApplication        : The following profiles are active: dev
2019-11-14 18:22:01.984  INFO 25344 --- [restartedMain] o.s.b.devtools.restart.ChangeableUrls    : The Class-Path manifest attribute in C:\Users\liujunmin\.m2\repository\org\glassfish\jaxb\jaxb-runtime\2.3.2\jaxb-runtime-2.3.2.jar referenced one or more files that do not exist: file:/C:/Users/liujunmin/.m2/repository/org/glassfish/jaxb/jaxb-runtime/2.3.2/jakarta.xml.bind-api-2.3.2.jar,file:/C:/Users/liujunmin/.m2/repository/org/glassfish/jaxb/jaxb-runtime/2.3.2/txw2-2.3.2.jar,file:/C:/Users/liujunmin/.m2/repository/org/glassfish/jaxb/jaxb-runtime/2.3.2/istack-commons-runtime-3.0.8.jar,file:/C:/Users/liujunmin/.m2/repository/org/glassfish/jaxb/jaxb-runtime/2.3.2/stax-ex-1.8.1.jar,file:/C:/Users/liujunmin/.m2/repository/org/glassfish/jaxb/jaxb-runtime/2.3.2/FastInfoset-1.2.16.jar,file:/C:/Users/liujunmin/.m2/repository/org/glassfish/jaxb/jaxb-runtime/2.3.2/jakarta.activation-api-1.2.1.jar
2019-11-14 18:22:01.984  INFO 25344 --- [restartedMain] .e.DevToolsPropertyDefaultsPostProcessor : Devtools property defaults active! Set 'spring.devtools.add-properties' to 'false' to disable
2019-11-14 18:22:01.984  INFO 25344 --- [restartedMain] .e.DevToolsPropertyDefaultsPostProcessor : For additional web related logging consider setting the 'logging.level.web' property to 'DEBUG'
2019-11-14 18:22:03.066  INFO 25344 --- [restartedMain] .s.d.r.c.RepositoryConfigurationDelegate : Bootstrapping Spring Data repositories in DEFAULT mode.
2019-11-14 18:22:03.176  INFO 25344 --- [restartedMain] .s.d.r.c.RepositoryConfigurationDelegate : Finished Spring Data repository scanning in 103ms. Found 5 repository interfaces.
2019-11-14 18:22:03.676  INFO 25344 --- [restartedMain] trationDelegate$BeanPostProcessorChecker : Bean 'org.springframework.transaction.annotation.ProxyTransactionManagementConfiguration' of type [org.springframework.transaction.annotation.ProxyTransactionManagementConfiguration] is not eligible for getting processed by all BeanPostProcessors (for example: not eligible for auto-proxying)
2019-11-14 18:22:04.376  INFO 25344 --- [restartedMain] o.s.b.w.embedded.tomcat.TomcatWebServer  : Tomcat initialized with port(s): 8080 (http)
2019-11-14 18:22:04.396  INFO 25344 --- [restartedMain] o.apache.catalina.core.StandardService   : Starting service [Tomcat]
2019-11-14 18:22:04.396  INFO 25344 --- [restartedMain] org.apache.catalina.core.StandardEngine  : Starting Servlet engine: [Apache Tomcat/9.0.27]
2019-11-14 18:22:04.396  INFO 25344 --- [restartedMain] o.a.catalina.core.AprLifecycleListener   : Loaded APR based Apache Tomcat Native library [1.2.23] using APR version [1.7.0].
2019-11-14 18:22:04.396  INFO 25344 --- [restartedMain] o.a.catalina.core.AprLifecycleListener   : APR capabilities: IPv6 [true], sendfile [true], accept filters [false], random [true].
2019-11-14 18:22:04.396  INFO 25344 --- [restartedMain] o.a.catalina.core.AprLifecycleListener   : APR/OpenSSL configuration: useAprConnector [false], useOpenSSL [true]
2019-11-14 18:22:04.406  INFO 25344 --- [restartedMain] o.a.catalina.core.AprLifecycleListener   : OpenSSL successfully initialized [OpenSSL 1.1.1c  28 May 2019]
2019-11-14 18:22:04.616  INFO 25344 --- [restartedMain] o.a.c.c.C.[Tomcat].[localhost].[/]       : Initializing Spring embedded WebApplicationContext
2019-11-14 18:22:04.616  INFO 25344 --- [restartedMain] o.s.web.context.ContextLoader            : Root WebApplicationContext: initialization completed in 2632 ms
2019-11-14 18:22:05.106  INFO 25344 --- [restartedMain] o.hibernate.jpa.internal.util.LogHelper  : HHH000204: Processing PersistenceUnitInfo [name: default]
2019-11-14 18:22:05.196  INFO 25344 --- [restartedMain] org.hibernate.Version                    : HHH000412: Hibernate Core {5.4.6.Final}
2019-11-14 18:22:05.326  INFO 25344 --- [restartedMain] o.hibernate.annotations.common.Version   : HCANN000001: Hibernate Commons Annotations {5.1.0.Final}
2019-11-14 18:22:05.416  INFO 25344 --- [restartedMain] com.zaxxer.hikari.HikariDataSource       : HikariPool-1 - Starting...
2019-11-14 18:22:05.686  INFO 25344 --- [restartedMain] com.zaxxer.hikari.HikariDataSource       : HikariPool-1 - Start completed.
2019-11-14 18:22:05.706  INFO 25344 --- [restartedMain] org.hibernate.dialect.Dialect            : HHH000400: Using dialect: org.hibernate.dialect.MySQL57Dialect
2019-11-14 18:22:06.666  INFO 25344 --- [restartedMain] o.h.e.t.j.p.i.JtaPlatformInitiator       : HHH000490: Using JtaPlatform implementation: [org.hibernate.engine.transaction.jta.platform.internal.NoJtaPlatform]
2019-11-14 18:22:06.676  INFO 25344 --- [restartedMain] j.LocalContainerEntityManagerFactoryBean : Initialized JPA EntityManagerFactory for persistence unit 'default'
2019-11-14 18:22:06.746  INFO 25344 --- [restartedMain] o.s.b.d.a.OptionalLiveReloadServer       : LiveReload server is running on port 35729
2019-11-14 18:22:07.786  WARN 25344 --- [restartedMain] JpaBaseConfiguration$JpaWebConfiguration : spring.jpa.open-in-view is enabled by default. Therefore, database queries may be performed during view rendering. Explicitly configure spring.jpa.open-in-view to disable this warning
2019-11-14 18:22:08.056  INFO 25344 --- [restartedMain] o.s.s.concurrent.ThreadPoolTaskExecutor  : Initializing ExecutorService 'applicationTaskExecutor'
2019-11-14 18:22:08.236  INFO 25344 --- [restartedMain] o.s.b.a.w.s.WelcomePageHandlerMapping    : Adding welcome page template: index
2019-11-14 18:22:09.236  INFO 25344 --- [restartedMain] o.s.b.w.embedded.tomcat.TomcatWebServer  : Tomcat started on port(s): 8080 (http) with context path ''
2019-11-14 18:22:09.246  INFO 25344 --- [restartedMain] c.l.blog.siyuan.SiyuanApplication        : Started SiyuanApplication in 8.851 seconds (JVM running for 11.402)
2019-11-14 18:22:45.792  INFO 25344 --- [http-nio-8080-exec-1] o.a.c.c.C.[Tomcat].[localhost].[/]       : Initializing Spring DispatcherServlet 'dispatcherServlet'
2019-11-14 18:22:45.793  INFO 25344 --- [http-nio-8080-exec-1] o.s.web.servlet.DispatcherServlet        : Initializing Servlet 'dispatcherServlet'
2019-11-14 18:22:45.816  INFO 25344 --- [http-nio-8080-exec-1] o.s.web.servlet.DispatcherServlet        : Completed initialization in 23 ms
2019-11-14 18:22:45.886  INFO 25344 --- [http-nio-8080-exec-1] c.l.blog.siyuan.aspect.LogAspect         : Request: RequestLog{url='0:0:0:0:0:0:0:1', ip='/', classMethod='club.liujunmin.blog.siyuan.controller.IndexController.index', args=[Page request [number: 0, size 8, sort: updateTime: DESC], BlogQuery{title='null', typeId=null, recommend=false}, {blogQuery=BlogQuery{title='null', typeId=null, recommend=false}, org.springframework.validation.BindingResult.blogQuery=org.springframework.validation.BeanPropertyBindingResult: 0 errors}]}
2019-11-14 18:22:46.022  WARN 25344 --- [http-nio-8080-exec-1] org.hibernate.orm.deprecation            : HHH90000016: Found use of deprecated 'collection property' syntax in HQL/JPQL query [t.blogs.size]; use collection function syntax instead [size(t.blogs)].
2019-11-14 18:22:46.042  WARN 25344 --- [http-nio-8080-exec-1] org.hibernate.orm.deprecation            : HHH90000016: Found use of deprecated 'collection property' syntax in HQL/JPQL query [t.blogs.size]; use collection function syntax instead [size(t.blogs)].
2019-11-14 18:22:46.051  INFO 25344 --- [http-nio-8080-exec-1] c.l.blog.siyuan.aspect.LogAspect         : Result : index
2019-11-14 18:22:50.168  INFO 25344 --- [http-nio-8080-exec-6] c.l.blog.siyuan.aspect.LogAspect         : Request: RequestLog{url='0:0:0:0:0:0:0:1', ip='/archives', classMethod='club.liujunmin.blog.siyuan.controller.ArchiveShowController.archive', args=[{}]}
2019-11-14 18:22:50.211  INFO 25344 --- [http-nio-8080-exec-6] c.l.blog.siyuan.aspect.LogAspect         : Result : archives
2019-11-14 18:23:04.950  INFO 25344 --- [http-nio-8080-exec-10] c.l.blog.siyuan.aspect.LogAspect         : Request: RequestLog{url='0:0:0:0:0:0:0:1', ip='/tags/-1', classMethod='club.liujunmin.blog.siyuan.controller.TagShowController.types', args=[Page request [number: 0, size 8, sort: updateTime: DESC], -1, {}]}
2019-11-14 18:23:04.983  INFO 25344 --- [http-nio-8080-exec-10] c.l.blog.siyuan.aspect.LogAspect         : Result : tags
2019-11-14 18:23:07.279  INFO 25344 --- [http-nio-8080-exec-4] c.l.blog.siyuan.aspect.LogAspect         : Request: RequestLog{url='0:0:0:0:0:0:0:1', ip='/types/-1', classMethod='club.liujunmin.blog.siyuan.controller.TypeShowController.types', args=[Page request [number: 0, size 8, sort: updateTime: DESC], -1, {}]}
2019-11-14 18:23:07.312  INFO 25344 --- [http-nio-8080-exec-4] c.l.blog.siyuan.aspect.LogAspect         : Result : types
2019-11-14 18:23:08.152  INFO 25344 --- [http-nio-8080-exec-8] c.l.blog.siyuan.aspect.LogAspect         : Request: RequestLog{url='0:0:0:0:0:0:0:1', ip='/index', classMethod='club.liujunmin.blog.siyuan.controller.IndexController.index', args=[Page request [number: 0, size 8, sort: updateTime: DESC], BlogQuery{title='null', typeId=null, recommend=false}, {blogQuery=BlogQuery{title='null', typeId=null, recommend=false}, org.springframework.validation.BindingResult.blogQuery=org.springframework.validation.BeanPropertyBindingResult: 0 errors}]}
2019-11-14 18:23:08.171  INFO 25344 --- [http-nio-8080-exec-8] c.l.blog.siyuan.aspect.LogAspect         : Result : index
2019-11-14 18:23:08.886  INFO 25344 --- [http-nio-8080-exec-2] c.l.blog.siyuan.aspect.LogAspect         : Request: RequestLog{url='0:0:0:0:0:0:0:1', ip='/archives', classMethod='club.liujunmin.blog.siyuan.controller.ArchiveShowController.archive', args=[{}]}
2019-11-14 18:23:08.900  INFO 25344 --- [http-nio-8080-exec-2] c.l.blog.siyuan.aspect.LogAspect         : Result : archives
2019-11-14 18:23:09.629  INFO 25344 --- [http-nio-8080-exec-6] c.l.blog.siyuan.aspect.LogAspect         : Request: RequestLog{url='0:0:0:0:0:0:0:1', ip='/types/-1', classMethod='club.liujunmin.blog.siyuan.controller.TypeShowController.types', args=[Page request [number: 0, size 8, sort: updateTime: DESC], -1, {}]}
2019-11-14 18:23:09.637  INFO 25344 --- [http-nio-8080-exec-6] c.l.blog.siyuan.aspect.LogAspect         : Result : types
2019-11-14 18:23:10.651  INFO 25344 --- [http-nio-8080-exec-10] c.l.blog.siyuan.aspect.LogAspect         : Request: RequestLog{url='0:0:0:0:0:0:0:1', ip='/types/31', classMethod='club.liujunmin.blog.siyuan.controller.TypeShowController.types', args=[Page request [number: 0, size 8, sort: updateTime: DESC], 31, {}]}
2019-11-14 18:23:10.664  INFO 25344 --- [http-nio-8080-exec-10] c.l.blog.siyuan.aspect.LogAspect         : Result : types
2019-11-14 18:23:11.678  INFO 25344 --- [http-nio-8080-exec-3] c.l.blog.siyuan.aspect.LogAspect         : Request: RequestLog{url='0:0:0:0:0:0:0:1', ip='/types/33', classMethod='club.liujunmin.blog.siyuan.controller.TypeShowController.types', args=[Page request [number: 0, size 8, sort: updateTime: DESC], 33, {}]}
2019-11-14 18:23:11.686  INFO 25344 --- [http-nio-8080-exec-3] c.l.blog.siyuan.aspect.LogAspect         : Result : types
2019-11-14 18:23:12.654  INFO 25344 --- [http-nio-8080-exec-8] c.l.blog.siyuan.aspect.LogAspect         : Request: RequestLog{url='0:0:0:0:0:0:0:1', ip='/index', classMethod='club.liujunmin.blog.siyuan.controller.IndexController.index', args=[Page request [number: 0, size 8, sort: updateTime: DESC], BlogQuery{title='null', typeId=null, recommend=false}, {blogQuery=BlogQuery{title='null', typeId=null, recommend=false}, org.springframework.validation.BindingResult.blogQuery=org.springframework.validation.BeanPropertyBindingResult: 0 errors}]}
2019-11-14 18:23:12.668  INFO 25344 --- [http-nio-8080-exec-8] c.l.blog.siyuan.aspect.LogAspect         : Result : index
2019-11-14 18:23:13.328  INFO 25344 --- [http-nio-8080-exec-2] c.l.blog.siyuan.aspect.LogAspect         : Request: RequestLog{url='0:0:0:0:0:0:0:1', ip='/tags/-1', classMethod='club.liujunmin.blog.siyuan.controller.TagShowController.types', args=[Page request [number: 0, size 8, sort: updateTime: DESC], -1, {}]}
2019-11-14 18:23:13.340  INFO 25344 --- [http-nio-8080-exec-2] c.l.blog.siyuan.aspect.LogAspect         : Result : tags
2019-11-14 18:23:14.047  INFO 25344 --- [http-nio-8080-exec-6] c.l.blog.siyuan.aspect.LogAspect         : Request: RequestLog{url='0:0:0:0:0:0:0:1', ip='/tags/35', classMethod='club.liujunmin.blog.siyuan.controller.TagShowController.types', args=[Page request [number: 0, size 8, sort: updateTime: DESC], 35, {}]}
2019-11-14 18:23:14.063  INFO 25344 --- [http-nio-8080-exec-6] c.l.blog.siyuan.aspect.LogAspect         : Result : tags
2019-11-14 18:23:14.776  INFO 25344 --- [http-nio-8080-exec-10] c.l.blog.siyuan.aspect.LogAspect         : Request: RequestLog{url='0:0:0:0:0:0:0:1', ip='/tags/36', classMethod='club.liujunmin.blog.siyuan.controller.TagShowController.types', args=[Page request [number: 0, size 8, sort: updateTime: DESC], 36, {}]}
2019-11-14 18:23:14.788  INFO 25344 --- [http-nio-8080-exec-10] c.l.blog.siyuan.aspect.LogAspect         : Result : tags
2019-11-14 18:23:16.279  INFO 25344 --- [http-nio-8080-exec-3] c.l.blog.siyuan.aspect.LogAspect         : Request: RequestLog{url='0:0:0:0:0:0:0:1', ip='/tags/37', classMethod='club.liujunmin.blog.siyuan.controller.TagShowController.types', args=[Page request [number: 0, size 8, sort: updateTime: DESC], 37, {}]}
2019-11-14 18:23:16.294  INFO 25344 --- [http-nio-8080-exec-3] c.l.blog.siyuan.aspect.LogAspect         : Result : tags
2019-11-14 18:23:17.163  INFO 25344 --- [http-nio-8080-exec-8] c.l.blog.siyuan.aspect.LogAspect         : Request: RequestLog{url='0:0:0:0:0:0:0:1', ip='/tags/34', classMethod='club.liujunmin.blog.siyuan.controller.TagShowController.types', args=[Page request [number: 0, size 8, sort: updateTime: DESC], 34, {}]}
2019-11-14 18:23:17.173  INFO 25344 --- [http-nio-8080-exec-8] c.l.blog.siyuan.aspect.LogAspect         : Result : tags
2019-11-14 18:23:17.722  INFO 25344 --- [http-nio-8080-exec-2] c.l.blog.siyuan.aspect.LogAspect         : Request: RequestLog{url='0:0:0:0:0:0:0:1', ip='/index', classMethod='club.liujunmin.blog.siyuan.controller.IndexController.index', args=[Page request [number: 0, size 8, sort: updateTime: DESC], BlogQuery{title='null', typeId=null, recommend=false}, {blogQuery=BlogQuery{title='null', typeId=null, recommend=false}, org.springframework.validation.BindingResult.blogQuery=org.springframework.validation.BeanPropertyBindingResult: 0 errors}]}
2019-11-14 18:23:17.737  INFO 25344 --- [http-nio-8080-exec-2] c.l.blog.siyuan.aspect.LogAspect         : Result : index
2019-11-14 18:23:19.165  INFO 25344 --- [http-nio-8080-exec-6] c.l.blog.siyuan.aspect.LogAspect         : Request: RequestLog{url='0:0:0:0:0:0:0:1', ip='/archives', classMethod='club.liujunmin.blog.siyuan.controller.ArchiveShowController.archive', args=[{}]}
2019-11-14 18:23:19.178  INFO 25344 --- [http-nio-8080-exec-6] c.l.blog.siyuan.aspect.LogAspect         : Result : archives
2019-11-14 18:23:41.062  INFO 25344 --- [http-nio-8080-exec-9] c.l.blog.siyuan.aspect.LogAspect         : Request: RequestLog{url='0:0:0:0:0:0:0:1', ip='/tags/-1', classMethod='club.liujunmin.blog.siyuan.controller.TagShowController.types', args=[Page request [number: 0, size 8, sort: updateTime: DESC], -1, {}]}
2019-11-14 18:23:41.072  INFO 25344 --- [http-nio-8080-exec-9] c.l.blog.siyuan.aspect.LogAspect         : Result : tags
2019-11-14 18:23:41.686  INFO 25344 --- [http-nio-8080-exec-3] c.l.blog.siyuan.aspect.LogAspect         : Request: RequestLog{url='0:0:0:0:0:0:0:1', ip='/types/-1', classMethod='club.liujunmin.blog.siyuan.controller.TypeShowController.types', args=[Page request [number: 0, size 8, sort: updateTime: DESC], -1, {}]}
2019-11-14 18:23:41.697  INFO 25344 --- [http-nio-8080-exec-3] c.l.blog.siyuan.aspect.LogAspect         : Result : types
2019-11-14 18:23:42.261  INFO 25344 --- [http-nio-8080-exec-8] c.l.blog.siyuan.aspect.LogAspect         : Request: RequestLog{url='0:0:0:0:0:0:0:1', ip='/index', classMethod='club.liujunmin.blog.siyuan.controller.IndexController.index', args=[Page request [number: 0, size 8, sort: updateTime: DESC], BlogQuery{title='null', typeId=null, recommend=false}, {blogQuery=BlogQuery{title='null', typeId=null, recommend=false}, org.springframework.validation.BindingResult.blogQuery=org.springframework.validation.BeanPropertyBindingResult: 0 errors}]}
2019-11-14 18:23:42.275  INFO 25344 --- [http-nio-8080-exec-8] c.l.blog.siyuan.aspect.LogAspect         : Result : index
2019-11-14 18:23:44.150  INFO 25344 --- [http-nio-8080-exec-6] c.l.blog.siyuan.aspect.LogAspect         : Request: RequestLog{url='0:0:0:0:0:0:0:1', ip='/archives', classMethod='club.liujunmin.blog.siyuan.controller.ArchiveShowController.archive', args=[{}]}
2019-11-14 18:23:44.163  INFO 25344 --- [http-nio-8080-exec-6] c.l.blog.siyuan.aspect.LogAspect         : Result : archives
2019-11-14 18:23:44.682  INFO 25344 --- [http-nio-8080-exec-9] c.l.blog.siyuan.aspect.LogAspect         : Request: RequestLog{url='0:0:0:0:0:0:0:1', ip='/tags/-1', classMethod='club.liujunmin.blog.siyuan.controller.TagShowController.types', args=[Page request [number: 0, size 8, sort: updateTime: DESC], -1, {}]}
2019-11-14 18:23:44.692  INFO 25344 --- [http-nio-8080-exec-9] c.l.blog.siyuan.aspect.LogAspect         : Result : tags
2019-11-14 18:23:45.163  INFO 25344 --- [http-nio-8080-exec-3] c.l.blog.siyuan.aspect.LogAspect         : Request: RequestLog{url='0:0:0:0:0:0:0:1', ip='/types/-1', classMethod='club.liujunmin.blog.siyuan.controller.TypeShowController.types', args=[Page request [number: 0, size 8, sort: updateTime: DESC], -1, {}]}
2019-11-14 18:23:45.171  INFO 25344 --- [http-nio-8080-exec-3] c.l.blog.siyuan.aspect.LogAspect         : Result : types
2019-11-14 18:23:45.658  INFO 25344 --- [http-nio-8080-exec-8] c.l.blog.siyuan.aspect.LogAspect         : Request: RequestLog{url='0:0:0:0:0:0:0:1', ip='/index', classMethod='club.liujunmin.blog.siyuan.controller.IndexController.index', args=[Page request [number: 0, size 8, sort: updateTime: DESC], BlogQuery{title='null', typeId=null, recommend=false}, {blogQuery=BlogQuery{title='null', typeId=null, recommend=false}, org.springframework.validation.BindingResult.blogQuery=org.springframework.validation.BeanPropertyBindingResult: 0 errors}]}
2019-11-14 18:23:45.672  INFO 25344 --- [http-nio-8080-exec-8] c.l.blog.siyuan.aspect.LogAspect         : Result : index
2019-11-14 18:23:46.459  INFO 25344 --- [http-nio-8080-exec-2] c.l.blog.siyuan.aspect.LogAspect         : Request: RequestLog{url='0:0:0:0:0:0:0:1', ip='/archives', classMethod='club.liujunmin.blog.siyuan.controller.ArchiveShowController.archive', args=[{}]}
2019-11-14 18:23:46.470  INFO 25344 --- [http-nio-8080-exec-2] c.l.blog.siyuan.aspect.LogAspect         : Result : archives
2019-11-14 18:23:48.955  INFO 25344 --- [http-nio-8080-exec-5] c.l.blog.siyuan.aspect.LogAspect         : Request: RequestLog{url='0:0:0:0:0:0:0:1', ip='/archives', classMethod='club.liujunmin.blog.siyuan.controller.ArchiveShowController.archive', args=[{}]}
2019-11-14 18:23:48.966  INFO 25344 --- [http-nio-8080-exec-5] c.l.blog.siyuan.aspect.LogAspect         : Result : archives
2019-11-14 18:23:50.038  INFO 25344 --- [http-nio-8080-exec-9] c.l.blog.siyuan.aspect.LogAspect         : Request: RequestLog{url='0:0:0:0:0:0:0:1', ip='/archives', classMethod='club.liujunmin.blog.siyuan.controller.ArchiveShowController.archive', args=[{}]}
2019-11-14 18:23:50.050  INFO 25344 --- [http-nio-8080-exec-9] c.l.blog.siyuan.aspect.LogAspect         : Result : archives
2019-11-14 18:23:50.826  INFO 25344 --- [http-nio-8080-exec-3] c.l.blog.siyuan.aspect.LogAspect         : Request: RequestLog{url='0:0:0:0:0:0:0:1', ip='/archives', classMethod='club.liujunmin.blog.siyuan.controller.ArchiveShowController.archive', args=[{}]}
2019-11-14 18:23:50.838  INFO 25344 --- [http-nio-8080-exec-3] c.l.blog.siyuan.aspect.LogAspect         : Result : archives
2019-11-14 18:23:51.533  INFO 25344 --- [http-nio-8080-exec-8] c.l.blog.siyuan.aspect.LogAspect         : Request: RequestLog{url='0:0:0:0:0:0:0:1', ip='/archives', classMethod='club.liujunmin.blog.siyuan.controller.ArchiveShowController.archive', args=[{}]}
2019-11-14 18:23:51.543  INFO 25344 --- [http-nio-8080-exec-8] c.l.blog.siyuan.aspect.LogAspect         : Result : archives
2019-11-14 18:24:03.275  INFO 25344 --- [http-nio-8080-exec-1] c.l.blog.siyuan.aspect.LogAspect         : Request: RequestLog{url='0:0:0:0:0:0:0:1', ip='/', classMethod='club.liujunmin.blog.siyuan.controller.IndexController.index', args=[Page request [number: 0, size 8, sort: updateTime: DESC], BlogQuery{title='null', typeId=null, recommend=false}, {blogQuery=BlogQuery{title='null', typeId=null, recommend=false}, org.springframework.validation.BindingResult.blogQuery=org.springframework.validation.BeanPropertyBindingResult: 0 errors}]}
2019-11-14 18:24:03.289  INFO 25344 --- [http-nio-8080-exec-1] c.l.blog.siyuan.aspect.LogAspect         : Result : index
2019-11-14 18:24:05.563  INFO 25344 --- [http-nio-8080-exec-5] c.l.blog.siyuan.aspect.LogAspect         : Request: RequestLog{url='0:0:0:0:0:0:0:1', ip='/archives', classMethod='club.liujunmin.blog.siyuan.controller.ArchiveShowController.archive', args=[{}]}
2019-11-14 18:24:05.576  INFO 25344 --- [http-nio-8080-exec-5] c.l.blog.siyuan.aspect.LogAspect         : Result : archives
2019-11-14 18:26:48.505  INFO 17440 --- [restartedMain] c.l.blog.siyuan.SiyuanApplication        : Starting SiyuanApplication on DESKTOP-6VMAT00 with PID 17440 (C:\Users\liujunmin\Desktop\siyuan\target\classes started by liujunmin in C:\Users\liujunmin\Desktop\siyuan)
2019-11-14 18:26:48.511 DEBUG 17440 --- [restartedMain] c.l.blog.siyuan.SiyuanApplication        : Running with Spring Boot v2.2.0.RELEASE, Spring v5.2.0.RELEASE
2019-11-14 18:26:48.511  INFO 17440 --- [restartedMain] c.l.blog.siyuan.SiyuanApplication        : The following profiles are active: dev
2019-11-14 18:26:48.632  INFO 17440 --- [restartedMain] o.s.b.devtools.restart.ChangeableUrls    : The Class-Path manifest attribute in C:\Users\liujunmin\.m2\repository\org\glassfish\jaxb\jaxb-runtime\2.3.2\jaxb-runtime-2.3.2.jar referenced one or more files that do not exist: file:/C:/Users/liujunmin/.m2/repository/org/glassfish/jaxb/jaxb-runtime/2.3.2/jakarta.xml.bind-api-2.3.2.jar,file:/C:/Users/liujunmin/.m2/repository/org/glassfish/jaxb/jaxb-runtime/2.3.2/txw2-2.3.2.jar,file:/C:/Users/liujunmin/.m2/repository/org/glassfish/jaxb/jaxb-runtime/2.3.2/istack-commons-runtime-3.0.8.jar,file:/C:/Users/liujunmin/.m2/repository/org/glassfish/jaxb/jaxb-runtime/2.3.2/stax-ex-1.8.1.jar,file:/C:/Users/liujunmin/.m2/repository/org/glassfish/jaxb/jaxb-runtime/2.3.2/FastInfoset-1.2.16.jar,file:/C:/Users/liujunmin/.m2/repository/org/glassfish/jaxb/jaxb-runtime/2.3.2/jakarta.activation-api-1.2.1.jar
2019-11-14 18:26:48.633  INFO 17440 --- [restartedMain] .e.DevToolsPropertyDefaultsPostProcessor : Devtools property defaults active! Set 'spring.devtools.add-properties' to 'false' to disable
2019-11-14 18:26:48.634  INFO 17440 --- [restartedMain] .e.DevToolsPropertyDefaultsPostProcessor : For additional web related logging consider setting the 'logging.level.web' property to 'DEBUG'
2019-11-14 18:26:49.796  INFO 17440 --- [restartedMain] .s.d.r.c.RepositoryConfigurationDelegate : Bootstrapping Spring Data repositories in DEFAULT mode.
2019-11-14 18:26:49.924  INFO 17440 --- [restartedMain] .s.d.r.c.RepositoryConfigurationDelegate : Finished Spring Data repository scanning in 107ms. Found 5 repository interfaces.
2019-11-14 18:26:50.293  INFO 17440 --- [restartedMain] trationDelegate$BeanPostProcessorChecker : Bean 'org.springframework.transaction.annotation.ProxyTransactionManagementConfiguration' of type [org.springframework.transaction.annotation.ProxyTransactionManagementConfiguration] is not eligible for getting processed by all BeanPostProcessors (for example: not eligible for auto-proxying)
2019-11-14 18:26:50.832  INFO 17440 --- [restartedMain] o.s.b.w.embedded.tomcat.TomcatWebServer  : Tomcat initialized with port(s): 8080 (http)
2019-11-14 18:26:50.846  INFO 17440 --- [restartedMain] o.apache.catalina.core.StandardService   : Starting service [Tomcat]
2019-11-14 18:26:50.847  INFO 17440 --- [restartedMain] org.apache.catalina.core.StandardEngine  : Starting Servlet engine: [Apache Tomcat/9.0.27]
2019-11-14 18:26:50.852  INFO 17440 --- [restartedMain] o.a.catalina.core.AprLifecycleListener   : Loaded APR based Apache Tomcat Native library [1.2.23] using APR version [1.7.0].
2019-11-14 18:26:50.852  INFO 17440 --- [restartedMain] o.a.catalina.core.AprLifecycleListener   : APR capabilities: IPv6 [true], sendfile [true], accept filters [false], random [true].
2019-11-14 18:26:50.853  INFO 17440 --- [restartedMain] o.a.catalina.core.AprLifecycleListener   : APR/OpenSSL configuration: useAprConnector [false], useOpenSSL [true]
2019-11-14 18:26:50.861  INFO 17440 --- [restartedMain] o.a.catalina.core.AprLifecycleListener   : OpenSSL successfully initialized [OpenSSL 1.1.1c  28 May 2019]
2019-11-14 18:26:51.032  INFO 17440 --- [restartedMain] o.a.c.c.C.[Tomcat].[localhost].[/]       : Initializing Spring embedded WebApplicationContext
2019-11-14 18:26:51.033  INFO 17440 --- [restartedMain] o.s.web.context.ContextLoader            : Root WebApplicationContext: initialization completed in 2399 ms
2019-11-14 18:26:51.350  INFO 17440 --- [restartedMain] o.hibernate.jpa.internal.util.LogHelper  : HHH000204: Processing PersistenceUnitInfo [name: default]
2019-11-14 18:26:51.419  INFO 17440 --- [restartedMain] org.hibernate.Version                    : HHH000412: Hibernate Core {5.4.6.Final}
2019-11-14 18:26:51.549  INFO 17440 --- [restartedMain] o.hibernate.annotations.common.Version   : HCANN000001: Hibernate Commons Annotations {5.1.0.Final}
2019-11-14 18:26:51.649  INFO 17440 --- [restartedMain] com.zaxxer.hikari.HikariDataSource       : HikariPool-1 - Starting...
2019-11-14 18:26:51.796  INFO 17440 --- [restartedMain] com.zaxxer.hikari.HikariDataSource       : HikariPool-1 - Start completed.
2019-11-14 18:26:51.812  INFO 17440 --- [restartedMain] org.hibernate.dialect.Dialect            : HHH000400: Using dialect: org.hibernate.dialect.MySQL57Dialect
2019-11-14 18:26:52.735  INFO 17440 --- [restartedMain] o.h.e.t.j.p.i.JtaPlatformInitiator       : HHH000490: Using JtaPlatform implementation: [org.hibernate.engine.transaction.jta.platform.internal.NoJtaPlatform]
2019-11-14 18:26:52.735  INFO 17440 --- [restartedMain] j.LocalContainerEntityManagerFactoryBean : Initialized JPA EntityManagerFactory for persistence unit 'default'
2019-11-14 18:26:52.822  INFO 17440 --- [restartedMain] o.s.b.d.a.OptionalLiveReloadServer       : LiveReload server is running on port 35729
2019-11-14 18:26:53.819  WARN 17440 --- [restartedMain] JpaBaseConfiguration$JpaWebConfiguration : spring.jpa.open-in-view is enabled by default. Therefore, database queries may be performed during view rendering. Explicitly configure spring.jpa.open-in-view to disable this warning
2019-11-14 18:26:54.054  INFO 17440 --- [restartedMain] o.s.s.concurrent.ThreadPoolTaskExecutor  : Initializing ExecutorService 'applicationTaskExecutor'
2019-11-14 18:26:54.172  INFO 17440 --- [restartedMain] o.s.b.a.w.s.WelcomePageHandlerMapping    : Adding welcome page template: index
2019-11-14 18:26:54.857  INFO 17440 --- [restartedMain] o.s.b.w.embedded.tomcat.TomcatWebServer  : Tomcat started on port(s): 8080 (http) with context path ''
2019-11-14 18:26:54.859  INFO 17440 --- [restartedMain] c.l.blog.siyuan.SiyuanApplication        : Started SiyuanApplication in 7.521 seconds (JVM running for 9.242)
2019-11-14 18:27:06.573  INFO 17440 --- [http-nio-8080-exec-1] o.a.c.c.C.[Tomcat].[localhost].[/]       : Initializing Spring DispatcherServlet 'dispatcherServlet'
2019-11-14 18:27:06.575  INFO 17440 --- [http-nio-8080-exec-1] o.s.web.servlet.DispatcherServlet        : Initializing Servlet 'dispatcherServlet'
2019-11-14 18:27:06.590  INFO 17440 --- [http-nio-8080-exec-1] o.s.web.servlet.DispatcherServlet        : Completed initialization in 15 ms
2019-11-14 18:27:06.627  INFO 17440 --- [http-nio-8080-exec-1] c.l.blog.siyuan.aspect.LogAspect         : Request: RequestLog{url='0:0:0:0:0:0:0:1', ip='/archives', classMethod='club.liujunmin.blog.siyuan.controller.ArchiveShowController.archive', args=[{}]}
2019-11-14 18:27:06.744  INFO 17440 --- [http-nio-8080-exec-1] c.l.blog.siyuan.aspect.LogAspect         : Result : archives
2019-11-14 18:27:09.260  INFO 17440 --- [http-nio-8080-exec-5] c.l.blog.siyuan.aspect.LogAspect         : Request: RequestLog{url='0:0:0:0:0:0:0:1', ip='/about', classMethod='club.liujunmin.blog.siyuan.controller.AboutController.about', args=[]}
2019-11-14 18:27:09.265  INFO 17440 --- [http-nio-8080-exec-5] c.l.blog.siyuan.aspect.LogAspect         : Result : about
2019-11-14 18:28:22.661  INFO 26848 --- [restartedMain] c.l.blog.siyuan.SiyuanApplication        : Starting SiyuanApplication on DESKTOP-6VMAT00 with PID 26848 (C:\Users\liujunmin\Desktop\siyuan\target\classes started by liujunmin in C:\Users\liujunmin\Desktop\siyuan)
2019-11-14 18:28:22.666 DEBUG 26848 --- [restartedMain] c.l.blog.siyuan.SiyuanApplication        : Running with Spring Boot v2.2.0.RELEASE, Spring v5.2.0.RELEASE
2019-11-14 18:28:22.667  INFO 26848 --- [restartedMain] c.l.blog.siyuan.SiyuanApplication        : The following profiles are active: dev
2019-11-14 18:28:22.778  INFO 26848 --- [restartedMain] o.s.b.devtools.restart.ChangeableUrls    : The Class-Path manifest attribute in C:\Users\liujunmin\.m2\repository\org\glassfish\jaxb\jaxb-runtime\2.3.2\jaxb-runtime-2.3.2.jar referenced one or more files that do not exist: file:/C:/Users/liujunmin/.m2/repository/org/glassfish/jaxb/jaxb-runtime/2.3.2/jakarta.xml.bind-api-2.3.2.jar,file:/C:/Users/liujunmin/.m2/repository/org/glassfish/jaxb/jaxb-runtime/2.3.2/txw2-2.3.2.jar,file:/C:/Users/liujunmin/.m2/repository/org/glassfish/jaxb/jaxb-runtime/2.3.2/istack-commons-runtime-3.0.8.jar,file:/C:/Users/liujunmin/.m2/repository/org/glassfish/jaxb/jaxb-runtime/2.3.2/stax-ex-1.8.1.jar,file:/C:/Users/liujunmin/.m2/repository/org/glassfish/jaxb/jaxb-runtime/2.3.2/FastInfoset-1.2.16.jar,file:/C:/Users/liujunmin/.m2/repository/org/glassfish/jaxb/jaxb-runtime/2.3.2/jakarta.activation-api-1.2.1.jar
2019-11-14 18:28:22.778  INFO 26848 --- [restartedMain] .e.DevToolsPropertyDefaultsPostProcessor : Devtools property defaults active! Set 'spring.devtools.add-properties' to 'false' to disable
2019-11-14 18:28:22.778  INFO 26848 --- [restartedMain] .e.DevToolsPropertyDefaultsPostProcessor : For additional web related logging consider setting the 'logging.level.web' property to 'DEBUG'
2019-11-14 18:28:23.818  INFO 26848 --- [restartedMain] .s.d.r.c.RepositoryConfigurationDelegate : Bootstrapping Spring Data repositories in DEFAULT mode.
2019-11-14 18:28:23.922  INFO 26848 --- [restartedMain] .s.d.r.c.RepositoryConfigurationDelegate : Finished Spring Data repository scanning in 94ms. Found 5 repository interfaces.
2019-11-14 18:28:24.268  INFO 26848 --- [restartedMain] trationDelegate$BeanPostProcessorChecker : Bean 'org.springframework.transaction.annotation.ProxyTransactionManagementConfiguration' of type [org.springframework.transaction.annotation.ProxyTransactionManagementConfiguration] is not eligible for getting processed by all BeanPostProcessors (for example: not eligible for auto-proxying)
2019-11-14 18:28:24.799  INFO 26848 --- [restartedMain] o.s.b.w.embedded.tomcat.TomcatWebServer  : Tomcat initialized with port(s): 8080 (http)
2019-11-14 18:28:24.799  INFO 26848 --- [restartedMain] o.apache.catalina.core.StandardService   : Starting service [Tomcat]
2019-11-14 18:28:24.799  INFO 26848 --- [restartedMain] org.apache.catalina.core.StandardEngine  : Starting Servlet engine: [Apache Tomcat/9.0.27]
2019-11-14 18:28:24.815  INFO 26848 --- [restartedMain] o.a.catalina.core.AprLifecycleListener   : Loaded APR based Apache Tomcat Native library [1.2.23] using APR version [1.7.0].
2019-11-14 18:28:24.815  INFO 26848 --- [restartedMain] o.a.catalina.core.AprLifecycleListener   : APR capabilities: IPv6 [true], sendfile [true], accept filters [false], random [true].
2019-11-14 18:28:24.815  INFO 26848 --- [restartedMain] o.a.catalina.core.AprLifecycleListener   : APR/OpenSSL configuration: useAprConnector [false], useOpenSSL [true]
2019-11-14 18:28:24.815  INFO 26848 --- [restartedMain] o.a.catalina.core.AprLifecycleListener   : OpenSSL successfully initialized [OpenSSL 1.1.1c  28 May 2019]
2019-11-14 18:28:24.971  INFO 26848 --- [restartedMain] o.a.c.c.C.[Tomcat].[localhost].[/]       : Initializing Spring embedded WebApplicationContext
2019-11-14 18:28:24.971  INFO 26848 --- [restartedMain] o.s.web.context.ContextLoader            : Root WebApplicationContext: initialization completed in 2192 ms
2019-11-14 18:28:25.252  INFO 26848 --- [restartedMain] o.hibernate.jpa.internal.util.LogHelper  : HHH000204: Processing PersistenceUnitInfo [name: default]
2019-11-14 18:28:25.315  INFO 26848 --- [restartedMain] org.hibernate.Version                    : HHH000412: Hibernate Core {5.4.6.Final}
2019-11-14 18:28:25.440  INFO 26848 --- [restartedMain] o.hibernate.annotations.common.Version   : HCANN000001: Hibernate Commons Annotations {5.1.0.Final}
2019-11-14 18:28:25.534  INFO 26848 --- [restartedMain] com.zaxxer.hikari.HikariDataSource       : HikariPool-1 - Starting...
2019-11-14 18:28:25.659  INFO 26848 --- [restartedMain] com.zaxxer.hikari.HikariDataSource       : HikariPool-1 - Start completed.
2019-11-14 18:28:25.674  INFO 26848 --- [restartedMain] org.hibernate.dialect.Dialect            : HHH000400: Using dialect: org.hibernate.dialect.MySQL57Dialect
2019-11-14 18:28:26.566  INFO 26848 --- [restartedMain] o.h.e.t.j.p.i.JtaPlatformInitiator       : HHH000490: Using JtaPlatform implementation: [org.hibernate.engine.transaction.jta.platform.internal.NoJtaPlatform]
2019-11-14 18:28:26.574  INFO 26848 --- [restartedMain] j.LocalContainerEntityManagerFactoryBean : Initialized JPA EntityManagerFactory for persistence unit 'default'
2019-11-14 18:28:26.645  INFO 26848 --- [restartedMain] o.s.b.d.a.OptionalLiveReloadServer       : LiveReload server is running on port 35729
2019-11-14 18:28:27.638  WARN 26848 --- [restartedMain] JpaBaseConfiguration$JpaWebConfiguration : spring.jpa.open-in-view is enabled by default. Therefore, database queries may be performed during view rendering. Explicitly configure spring.jpa.open-in-view to disable this warning
2019-11-14 18:28:27.871  INFO 26848 --- [restartedMain] o.s.s.concurrent.ThreadPoolTaskExecutor  : Initializing ExecutorService 'applicationTaskExecutor'
2019-11-14 18:28:27.997  INFO 26848 --- [restartedMain] o.s.b.a.w.s.WelcomePageHandlerMapping    : Adding welcome page template: index
2019-11-14 18:28:28.454  INFO 26848 --- [restartedMain] o.s.b.w.embedded.tomcat.TomcatWebServer  : Tomcat started on port(s): 8080 (http) with context path ''
2019-11-14 18:28:28.457  INFO 26848 --- [restartedMain] c.l.blog.siyuan.SiyuanApplication        : Started SiyuanApplication in 6.975 seconds (JVM running for 8.829)
2019-11-14 18:28:37.842  INFO 26848 --- [http-nio-8080-exec-1] o.a.c.c.C.[Tomcat].[localhost].[/]       : Initializing Spring DispatcherServlet 'dispatcherServlet'
2019-11-14 18:28:37.843  INFO 26848 --- [http-nio-8080-exec-1] o.s.web.servlet.DispatcherServlet        : Initializing Servlet 'dispatcherServlet'
2019-11-14 18:28:37.865  INFO 26848 --- [http-nio-8080-exec-1] o.s.web.servlet.DispatcherServlet        : Completed initialization in 22 ms
2019-11-14 18:28:37.940  INFO 26848 --- [http-nio-8080-exec-1] c.l.blog.siyuan.aspect.LogAspect         : Request: RequestLog{url='0:0:0:0:0:0:0:1', ip='/', classMethod='club.liujunmin.blog.siyuan.controller.IndexController.index', args=[Page request [number: 0, size 8, sort: updateTime: DESC], BlogQuery{title='null', typeId=null, recommend=false}, {blogQuery=BlogQuery{title='null', typeId=null, recommend=false}, org.springframework.validation.BindingResult.blogQuery=org.springframework.validation.BeanPropertyBindingResult: 0 errors}]}
2019-11-14 18:28:38.091  WARN 26848 --- [http-nio-8080-exec-1] org.hibernate.orm.deprecation            : HHH90000016: Found use of deprecated 'collection property' syntax in HQL/JPQL query [t.blogs.size]; use collection function syntax instead [size(t.blogs)].
2019-11-14 18:28:38.111  WARN 26848 --- [http-nio-8080-exec-1] org.hibernate.orm.deprecation            : HHH90000016: Found use of deprecated 'collection property' syntax in HQL/JPQL query [t.blogs.size]; use collection function syntax instead [size(t.blogs)].
2019-11-14 18:28:38.118  INFO 26848 --- [http-nio-8080-exec-1] c.l.blog.siyuan.aspect.LogAspect         : Result : index
2019-11-14 18:28:40.652  INFO 26848 --- [http-nio-8080-exec-5] c.l.blog.siyuan.aspect.LogAspect         : Request: RequestLog{url='0:0:0:0:0:0:0:1', ip='/about', classMethod='club.liujunmin.blog.siyuan.controller.AboutController.about', args=[]}
2019-11-14 18:28:40.659  INFO 26848 --- [http-nio-8080-exec-5] c.l.blog.siyuan.aspect.LogAspect         : Result : about
2019-11-14 18:29:31.300  INFO 2892 --- [restartedMain] c.l.blog.siyuan.SiyuanApplication        : Starting SiyuanApplication on DESKTOP-6VMAT00 with PID 2892 (C:\Users\liujunmin\Desktop\siyuan\target\classes started by liujunmin in C:\Users\liujunmin\Desktop\siyuan)
2019-11-14 18:29:31.307 DEBUG 2892 --- [restartedMain] c.l.blog.siyuan.SiyuanApplication        : Running with Spring Boot v2.2.0.RELEASE, Spring v5.2.0.RELEASE
2019-11-14 18:29:31.308  INFO 2892 --- [restartedMain] c.l.blog.siyuan.SiyuanApplication        : The following profiles are active: dev
2019-11-14 18:29:31.421  INFO 2892 --- [restartedMain] o.s.b.devtools.restart.ChangeableUrls    : The Class-Path manifest attribute in C:\Users\liujunmin\.m2\repository\org\glassfish\jaxb\jaxb-runtime\2.3.2\jaxb-runtime-2.3.2.jar referenced one or more files that do not exist: file:/C:/Users/liujunmin/.m2/repository/org/glassfish/jaxb/jaxb-runtime/2.3.2/jakarta.xml.bind-api-2.3.2.jar,file:/C:/Users/liujunmin/.m2/repository/org/glassfish/jaxb/jaxb-runtime/2.3.2/txw2-2.3.2.jar,file:/C:/Users/liujunmin/.m2/repository/org/glassfish/jaxb/jaxb-runtime/2.3.2/istack-commons-runtime-3.0.8.jar,file:/C:/Users/liujunmin/.m2/repository/org/glassfish/jaxb/jaxb-runtime/2.3.2/stax-ex-1.8.1.jar,file:/C:/Users/liujunmin/.m2/repository/org/glassfish/jaxb/jaxb-runtime/2.3.2/FastInfoset-1.2.16.jar,file:/C:/Users/liujunmin/.m2/repository/org/glassfish/jaxb/jaxb-runtime/2.3.2/jakarta.activation-api-1.2.1.jar
2019-11-14 18:29:31.421  INFO 2892 --- [restartedMain] .e.DevToolsPropertyDefaultsPostProcessor : Devtools property defaults active! Set 'spring.devtools.add-properties' to 'false' to disable
2019-11-14 18:29:31.421  INFO 2892 --- [restartedMain] .e.DevToolsPropertyDefaultsPostProcessor : For additional web related logging consider setting the 'logging.level.web' property to 'DEBUG'
2019-11-14 18:29:32.843  INFO 2892 --- [restartedMain] .s.d.r.c.RepositoryConfigurationDelegate : Bootstrapping Spring Data repositories in DEFAULT mode.
2019-11-14 18:29:33.070  INFO 2892 --- [restartedMain] .s.d.r.c.RepositoryConfigurationDelegate : Finished Spring Data repository scanning in 216ms. Found 5 repository interfaces.
2019-11-14 18:29:33.539  INFO 2892 --- [restartedMain] trationDelegate$BeanPostProcessorChecker : Bean 'org.springframework.transaction.annotation.ProxyTransactionManagementConfiguration' of type [org.springframework.transaction.annotation.ProxyTransactionManagementConfiguration] is not eligible for getting processed by all BeanPostProcessors (for example: not eligible for auto-proxying)
2019-11-14 18:29:34.287  INFO 2892 --- [restartedMain] o.s.b.w.embedded.tomcat.TomcatWebServer  : Tomcat initialized with port(s): 8080 (http)
2019-11-14 18:29:34.302  INFO 2892 --- [restartedMain] o.apache.catalina.core.StandardService   : Starting service [Tomcat]
2019-11-14 18:29:34.302  INFO 2892 --- [restartedMain] org.apache.catalina.core.StandardEngine  : Starting Servlet engine: [Apache Tomcat/9.0.27]
2019-11-14 18:29:34.302  INFO 2892 --- [restartedMain] o.a.catalina.core.AprLifecycleListener   : Loaded APR based Apache Tomcat Native library [1.2.23] using APR version [1.7.0].
2019-11-14 18:29:34.302  INFO 2892 --- [restartedMain] o.a.catalina.core.AprLifecycleListener   : APR capabilities: IPv6 [true], sendfile [true], accept filters [false], random [true].
2019-11-14 18:29:34.302  INFO 2892 --- [restartedMain] o.a.catalina.core.AprLifecycleListener   : APR/OpenSSL configuration: useAprConnector [false], useOpenSSL [true]
2019-11-14 18:29:34.302  INFO 2892 --- [restartedMain] o.a.catalina.core.AprLifecycleListener   : OpenSSL successfully initialized [OpenSSL 1.1.1c  28 May 2019]
2019-11-14 18:29:34.474  INFO 2892 --- [restartedMain] o.a.c.c.C.[Tomcat].[localhost].[/]       : Initializing Spring embedded WebApplicationContext
2019-11-14 18:29:34.474  INFO 2892 --- [restartedMain] o.s.web.context.ContextLoader            : Root WebApplicationContext: initialization completed in 3053 ms
2019-11-14 18:29:34.988  INFO 2892 --- [restartedMain] o.hibernate.jpa.internal.util.LogHelper  : HHH000204: Processing PersistenceUnitInfo [name: default]
2019-11-14 18:29:35.105  INFO 2892 --- [restartedMain] org.hibernate.Version                    : HHH000412: Hibernate Core {5.4.6.Final}
2019-11-14 18:29:35.299  INFO 2892 --- [restartedMain] o.hibernate.annotations.common.Version   : HCANN000001: Hibernate Commons Annotations {5.1.0.Final}
2019-11-14 18:29:35.437  INFO 2892 --- [restartedMain] com.zaxxer.hikari.HikariDataSource       : HikariPool-1 - Starting...
2019-11-14 18:29:35.657  INFO 2892 --- [restartedMain] com.zaxxer.hikari.HikariDataSource       : HikariPool-1 - Start completed.
2019-11-14 18:29:35.690  INFO 2892 --- [restartedMain] org.hibernate.dialect.Dialect            : HHH000400: Using dialect: org.hibernate.dialect.MySQL57Dialect
2019-11-14 18:29:38.065  INFO 2892 --- [restartedMain] o.h.e.t.j.p.i.JtaPlatformInitiator       : HHH000490: Using JtaPlatform implementation: [org.hibernate.engine.transaction.jta.platform.internal.NoJtaPlatform]
2019-11-14 18:29:38.076  INFO 2892 --- [restartedMain] j.LocalContainerEntityManagerFactoryBean : Initialized JPA EntityManagerFactory for persistence unit 'default'
2019-11-14 18:29:38.264  INFO 2892 --- [restartedMain] o.s.b.d.a.OptionalLiveReloadServer       : LiveReload server is running on port 35729
2019-11-14 18:29:40.578  WARN 2892 --- [restartedMain] JpaBaseConfiguration$JpaWebConfiguration : spring.jpa.open-in-view is enabled by default. Therefore, database queries may be performed during view rendering. Explicitly configure spring.jpa.open-in-view to disable this warning
2019-11-14 18:29:41.099  INFO 2892 --- [restartedMain] o.s.s.concurrent.ThreadPoolTaskExecutor  : Initializing ExecutorService 'applicationTaskExecutor'
2019-11-14 18:29:41.434  INFO 2892 --- [restartedMain] o.s.b.a.w.s.WelcomePageHandlerMapping    : Adding welcome page template: index
2019-11-14 18:29:42.610  INFO 2892 --- [restartedMain] o.s.b.w.embedded.tomcat.TomcatWebServer  : Tomcat started on port(s): 8080 (http) with context path ''
2019-11-14 18:29:42.615  INFO 2892 --- [restartedMain] c.l.blog.siyuan.SiyuanApplication        : Started SiyuanApplication in 12.546 seconds (JVM running for 14.38)
2019-11-14 18:29:44.873  INFO 2892 --- [Thread-19] o.s.s.concurrent.ThreadPoolTaskExecutor  : Shutting down ExecutorService 'applicationTaskExecutor'
2019-11-14 18:29:44.878  INFO 2892 --- [Thread-19] j.LocalContainerEntityManagerFactoryBean : Closing JPA EntityManagerFactory for persistence unit 'default'
2019-11-14 18:29:44.885  INFO 2892 --- [Thread-19] com.zaxxer.hikari.HikariDataSource       : HikariPool-1 - Shutdown initiated...
2019-11-14 18:29:44.921  INFO 2892 --- [Thread-19] com.zaxxer.hikari.HikariDataSource       : HikariPool-1 - Shutdown completed.
2019-11-14 18:29:46.467  INFO 2892 --- [restartedMain] c.l.blog.siyuan.SiyuanApplication        : Starting SiyuanApplication on DESKTOP-6VMAT00 with PID 2892 (C:\Users\liujunmin\Desktop\siyuan\target\classes started by liujunmin in C:\Users\liujunmin\Desktop\siyuan)
2019-11-14 18:29:46.468 DEBUG 2892 --- [restartedMain] c.l.blog.siyuan.SiyuanApplication        : Running with Spring Boot v2.2.0.RELEASE, Spring v5.2.0.RELEASE
2019-11-14 18:29:46.468  INFO 2892 --- [restartedMain] c.l.blog.siyuan.SiyuanApplication        : The following profiles are active: dev
2019-11-14 18:29:47.043  INFO 2892 --- [restartedMain] .s.d.r.c.RepositoryConfigurationDelegate : Bootstrapping Spring Data repositories in DEFAULT mode.
2019-11-14 18:29:47.114  INFO 2892 --- [restartedMain] .s.d.r.c.RepositoryConfigurationDelegate : Finished Spring Data repository scanning in 70ms. Found 5 repository interfaces.
2019-11-14 18:29:47.273  INFO 2892 --- [restartedMain] trationDelegate$BeanPostProcessorChecker : Bean 'org.springframework.transaction.annotation.ProxyTransactionManagementConfiguration' of type [org.springframework.transaction.annotation.ProxyTransactionManagementConfiguration] is not eligible for getting processed by all BeanPostProcessors (for example: not eligible for auto-proxying)
2019-11-14 18:29:47.503  WARN 2892 --- [restartedMain] org.apache.tomcat.util.modeler.Registry  : The MBean registry cannot be disabled because it has already been initialised
2019-11-14 18:29:47.612  INFO 2892 --- [restartedMain] o.s.b.w.embedded.tomcat.TomcatWebServer  : Tomcat initialized with port(s): 8080 (http)
2019-11-14 18:29:47.612  INFO 2892 --- [restartedMain] o.apache.catalina.core.StandardService   : Starting service [Tomcat]
2019-11-14 18:29:47.612  INFO 2892 --- [restartedMain] org.apache.catalina.core.StandardEngine  : Starting Servlet engine: [Apache Tomcat/9.0.27]
2019-11-14 18:29:47.612  INFO 2892 --- [restartedMain] o.a.catalina.core.AprLifecycleListener   : Loaded APR based Apache Tomcat Native library [1.2.23] using APR version [1.7.0].
2019-11-14 18:29:47.612  INFO 2892 --- [restartedMain] o.a.catalina.core.AprLifecycleListener   : APR capabilities: IPv6 [true], sendfile [true], accept filters [false], random [true].
2019-11-14 18:29:47.612  INFO 2892 --- [restartedMain] o.a.catalina.core.AprLifecycleListener   : APR/OpenSSL configuration: useAprConnector [false], useOpenSSL [true]
2019-11-14 18:29:47.612  INFO 2892 --- [restartedMain] o.a.catalina.core.AprLifecycleListener   : OpenSSL successfully initialized [OpenSSL 1.1.1c  28 May 2019]
2019-11-14 18:29:47.690  INFO 2892 --- [restartedMain] o.a.c.c.C.[Tomcat].[localhost].[/]       : Initializing Spring embedded WebApplicationContext
2019-11-14 18:29:47.690  INFO 2892 --- [restartedMain] o.s.web.context.ContextLoader            : Root WebApplicationContext: initialization completed in 1216 ms
2019-11-14 18:29:47.918  INFO 2892 --- [restartedMain] o.hibernate.jpa.internal.util.LogHelper  : HHH000204: Processing PersistenceUnitInfo [name: default]
2019-11-14 18:29:47.933  INFO 2892 --- [restartedMain] com.zaxxer.hikari.HikariDataSource       : HikariPool-2 - Starting...
2019-11-14 18:29:47.933  INFO 2892 --- [restartedMain] com.zaxxer.hikari.HikariDataSource       : HikariPool-2 - Start completed.
2019-11-14 18:29:47.933  INFO 2892 --- [restartedMain] org.hibernate.dialect.Dialect            : HHH000400: Using dialect: org.hibernate.dialect.MySQL57Dialect
2019-11-14 18:29:48.230  INFO 2892 --- [restartedMain] o.h.e.t.j.p.i.JtaPlatformInitiator       : HHH000490: Using JtaPlatform implementation: [org.hibernate.engine.transaction.jta.platform.internal.NoJtaPlatform]
2019-11-14 18:29:48.230  INFO 2892 --- [restartedMain] j.LocalContainerEntityManagerFactoryBean : Initialized JPA EntityManagerFactory for persistence unit 'default'
2019-11-14 18:29:48.308  INFO 2892 --- [restartedMain] o.s.b.d.a.OptionalLiveReloadServer       : LiveReload server is running on port 35729
2019-11-14 18:29:49.116  INFO 22940 --- [main] c.l.blog.siyuan.SiyuanApplicationTests   : Starting SiyuanApplicationTests on DESKTOP-6VMAT00 with PID 22940 (started by liujunmin in C:\Users\liujunmin\Desktop\siyuan)
2019-11-14 18:29:49.118 DEBUG 22940 --- [main] c.l.blog.siyuan.SiyuanApplicationTests   : Running with Spring Boot v2.2.0.RELEASE, Spring v5.2.0.RELEASE
2019-11-14 18:29:49.118  INFO 22940 --- [main] c.l.blog.siyuan.SiyuanApplicationTests   : The following profiles are active: dev
2019-11-14 18:29:49.990  WARN 2892 --- [restartedMain] JpaBaseConfiguration$JpaWebConfiguration : spring.jpa.open-in-view is enabled by default. Therefore, database queries may be performed during view rendering. Explicitly configure spring.jpa.open-in-view to disable this warning
2019-11-14 18:29:50.422  INFO 2892 --- [restartedMain] o.s.s.concurrent.ThreadPoolTaskExecutor  : Initializing ExecutorService 'applicationTaskExecutor'
2019-11-14 18:29:50.547  INFO 2892 --- [restartedMain] o.s.b.a.w.s.WelcomePageHandlerMapping    : Adding welcome page template: index
2019-11-14 18:29:50.866  INFO 22940 --- [main] .s.d.r.c.RepositoryConfigurationDelegate : Bootstrapping Spring Data repositories in DEFAULT mode.
2019-11-14 18:29:51.078  INFO 22940 --- [main] .s.d.r.c.RepositoryConfigurationDelegate : Finished Spring Data repository scanning in 191ms. Found 5 repository interfaces.
2019-11-14 18:29:51.193  INFO 2892 --- [restartedMain] o.s.b.w.embedded.tomcat.TomcatWebServer  : Tomcat started on port(s): 8080 (http) with context path ''
2019-11-14 18:29:51.208  INFO 2892 --- [restartedMain] c.l.blog.siyuan.SiyuanApplication        : Started SiyuanApplication in 4.838 seconds (JVM running for 22.972)
2019-11-14 18:29:51.212  INFO 2892 --- [restartedMain] .ConditionEvaluationDeltaLoggingListener : Condition evaluation unchanged
2019-11-14 18:29:51.871  INFO 22940 --- [main] trationDelegate$BeanPostProcessorChecker : Bean 'org.springframework.transaction.annotation.ProxyTransactionManagementConfiguration' of type [org.springframework.transaction.annotation.ProxyTransactionManagementConfiguration] is not eligible for getting processed by all BeanPostProcessors (for example: not eligible for auto-proxying)
2019-11-14 18:29:52.812  INFO 22940 --- [main] o.hibernate.jpa.internal.util.LogHelper  : HHH000204: Processing PersistenceUnitInfo [name: default]
2019-11-14 18:29:52.994  INFO 22940 --- [main] org.hibernate.Version                    : HHH000412: Hibernate Core {5.4.6.Final}
2019-11-14 18:29:53.353  INFO 22940 --- [main] o.hibernate.annotations.common.Version   : HCANN000001: Hibernate Commons Annotations {5.1.0.Final}
2019-11-14 18:29:54.046  INFO 22940 --- [main] com.zaxxer.hikari.HikariDataSource       : HikariPool-1 - Starting...
2019-11-14 18:29:54.372  INFO 22940 --- [main] com.zaxxer.hikari.HikariDataSource       : HikariPool-1 - Start completed.
2019-11-14 18:29:54.433  INFO 22940 --- [main] org.hibernate.dialect.Dialect            : HHH000400: Using dialect: org.hibernate.dialect.MySQL57Dialect
2019-11-14 18:29:56.237  INFO 22940 --- [main] o.h.e.t.j.p.i.JtaPlatformInitiator       : HHH000490: Using JtaPlatform implementation: [org.hibernate.engine.transaction.jta.platform.internal.NoJtaPlatform]
2019-11-14 18:29:56.252  INFO 22940 --- [main] j.LocalContainerEntityManagerFactoryBean : Initialized JPA EntityManagerFactory for persistence unit 'default'
2019-11-14 18:29:59.592  WARN 22940 --- [main] JpaBaseConfiguration$JpaWebConfiguration : spring.jpa.open-in-view is enabled by default. Therefore, database queries may be performed during view rendering. Explicitly configure spring.jpa.open-in-view to disable this warning
2019-11-14 18:30:00.331  INFO 22940 --- [main] o.s.s.concurrent.ThreadPoolTaskExecutor  : Initializing ExecutorService 'applicationTaskExecutor'
2019-11-14 18:30:00.756  INFO 22940 --- [main] o.s.b.a.w.s.WelcomePageHandlerMapping    : Adding welcome page template: index
2019-11-14 18:30:01.858  INFO 22940 --- [main] c.l.blog.siyuan.SiyuanApplicationTests   : Started SiyuanApplicationTests in 13.955 seconds (JVM running for 16.838)
2019-11-14 18:30:02.233  INFO 22940 --- [SpringContextShutdownHook] o.s.s.concurrent.ThreadPoolTaskExecutor  : Shutting down ExecutorService 'applicationTaskExecutor'
2019-11-14 18:30:02.241  INFO 22940 --- [SpringContextShutdownHook] j.LocalContainerEntityManagerFactoryBean : Closing JPA EntityManagerFactory for persistence unit 'default'
2019-11-14 18:30:02.246  INFO 22940 --- [SpringContextShutdownHook] com.zaxxer.hikari.HikariDataSource       : HikariPool-1 - Shutdown initiated...
2019-11-14 18:30:02.267  INFO 22940 --- [SpringContextShutdownHook] com.zaxxer.hikari.HikariDataSource       : HikariPool-1 - Shutdown completed.
